Log file open, 12/06/19 12:02:43
LogWindows: Failed to load 'aqProf.dll' (GetLastError=126)
LogWindows: File 'aqProf.dll' does not exist
LogWindows: Failed to load 'VtuneApi.dll' (GetLastError=126)
LogWindows: File 'VtuneApi.dll' does not exist
LogWindows: Failed to load 'VtuneApi32e.dll' (GetLastError=126)
LogWindows: File 'VtuneApi32e.dll' does not exist
LogConsoleResponse: Display: Failed to find resolution value strings in scalability ini. Falling back to default.
LogInit: Display: Running engine for game: ThirdPersonShooter
LogPakFile: Registered encryption key '00000000000000000000000000000000': 0 pak files mounted, 0 remain pending
LogPlatformFile: Not using cached read wrapper
LogTaskGraph: Started task graph with 5 named threads and 23 total threads with 3 sets of task threads.
LogStats: Stats thread started at 1.280040
LogD3D11RHI: Loaded GFSDK_Aftermath_Lib.x64.dll
LogICUInternationalization: ICU TimeZone Detection - Raw Offset: -5:00, Platform Override: ''
LogPluginManager: Mounting plugin Paper2D
LogPluginManager: Mounting plugin AISupport
LogPluginManager: Mounting plugin LightPropagationVolume
LogPluginManager: Mounting plugin ActorLayerUtilities
LogPluginManager: Mounting plugin AnimationSharing
LogPluginManager: Mounting plugin CLionSourceCodeAccess
LogPluginManager: Mounting plugin CodeLiteSourceCodeAccess
LogPluginManager: Mounting plugin GitSourceControl
LogPluginManager: Mounting plugin KDevelopSourceCodeAccess
LogPluginManager: Mounting plugin NullSourceCodeAccess
LogPluginManager: Mounting plugin PerforceSourceControl
LogPluginManager: Mounting plugin SubversionSourceControl
LogPluginManager: Mounting plugin UObjectPlugin
LogPluginManager: Mounting plugin VisualStudioCodeSourceCodeAccess
LogPluginManager: Mounting plugin VisualStudioSourceCodeAccess
LogPluginManager: Mounting plugin XCodeSourceCodeAccess
LogPluginManager: Mounting plugin AssetManagerEditor
LogPluginManager: Mounting plugin CryptoKeys
LogPluginManager: Mounting plugin DataValidation
LogPluginManager: Mounting plugin FacialAnimation
LogPluginManager: Mounting plugin GameplayTagsEditor
LogPluginManager: Mounting plugin MacGraphicsSwitching
LogPluginManager: Mounting plugin MaterialAnalyzer
LogPluginManager: Mounting plugin MobileLauncherProfileWizard
LogPluginManager: Mounting plugin PluginBrowser
LogPluginManager: Mounting plugin SpeedTreeImporter
LogPluginManager: Mounting plugin DatasmithContent
LogPluginManager: Mounting plugin VariantManagerContent
LogPluginManager: Mounting plugin AlembicImporter
LogPluginManager: Mounting plugin AppleImageUtils
LogPluginManager: Mounting plugin AppleVision
LogPluginManager: Mounting plugin BackChannel
LogPluginManager: Mounting plugin CharacterAI
LogPluginManager: Mounting plugin GeometryCache
LogPluginManager: Mounting plugin HTML5Networking
LogPluginManager: Mounting plugin ProxyLODPlugin
LogPluginManager: Mounting plugin SkeletalReduction
LogPluginManager: Mounting plugin MagicLeap
LogPluginManager: Mounting plugin MagicLeapMedia
LogPluginManager: Mounting plugin AndroidMedia
LogPluginManager: Mounting plugin AvfMedia
LogPluginManager: Mounting plugin ImgMedia
LogPluginManager: Mounting plugin LinearTimecode
LogPluginManager: Mounting plugin MediaCompositing
LogPluginManager: Mounting plugin MediaPlayerEditor
LogPluginManager: Mounting plugin WebMMedia
LogPluginManager: Mounting plugin WmfMedia
LogPluginManager: Mounting plugin TcpMessaging
LogPluginManager: Mounting plugin UdpMessaging
LogPluginManager: Mounting plugin ActorSequence
LogPluginManager: Mounting plugin LevelSequenceEditor
LogPluginManager: Mounting plugin MatineeToLevelSequence
LogPluginManager: Mounting plugin NetcodeUnitTest
LogPluginManager: Mounting plugin NUTUnrealEngine4
LogPluginManager: Mounting plugin OnlineSubsystemGooglePlay
LogPluginManager: Mounting plugin OnlineSubsystemIOS
LogPluginManager: Mounting plugin OnlineSubsystem
LogPluginManager: Mounting plugin OnlineSubsystemNull
LogPluginManager: Mounting plugin OnlineSubsystemUtils
LogPluginManager: Mounting plugin LauncherChunkInstaller
LogPluginManager: Mounting plugin AndroidDeviceProfileSelector
LogPluginManager: Mounting plugin AndroidMoviePlayer
LogPluginManager: Mounting plugin AndroidPermission
LogPluginManager: Mounting plugin AppleMoviePlayer
LogPluginManager: Mounting plugin ArchVisCharacter
LogPluginManager: Mounting plugin AudioCapture
LogPluginManager: Mounting plugin CableComponent
LogPluginManager: Mounting plugin CustomMeshComponent
LogPluginManager: Mounting plugin EditableMesh
LogPluginManager: Mounting plugin ExampleDeviceProfileSelector
LogPluginManager: Mounting plugin Firebase
LogPluginManager: Mounting plugin GoogleCloudMessaging
LogPluginManager: Mounting plugin IOSDeviceProfileSelector
LogPluginManager: Mounting plugin LinuxDeviceProfileSelector
LogPluginManager: Mounting plugin LocationServicesBPLibrary
LogPluginManager: Mounting plugin MobilePatchingUtils
LogPluginManager: Mounting plugin OculusVR
LogPluginManager: Mounting plugin PhysXVehicles
LogPluginManager: Mounting plugin ProceduralMeshComponent
LogPluginManager: Mounting plugin RuntimePhysXCooking
LogPluginManager: Mounting plugin SignificanceManager
LogPluginManager: Mounting plugin SteamVR
LogPluginManager: Mounting plugin WebMMoviePlayer
LogPluginManager: Mounting plugin WindowsMoviePlayer
LogInit: Using libcurl 7.55.1-DEV
LogInit:  - built for x86_64-pc-win32
LogInit:  - supports SSL with OpenSSL/1.1.1
LogInit:  - supports HTTP deflate (compression) using libz 1.2.8
LogInit:  - other features:
LogInit:      CURL_VERSION_SSL
LogInit:      CURL_VERSION_LIBZ
LogInit:      CURL_VERSION_IPV6
LogInit:      CURL_VERSION_ASYNCHDNS
LogInit:      CURL_VERSION_LARGEFILE
LogInit:      CURL_VERSION_IDN
LogInit:  CurlRequestOptions (configurable via config and command line):
LogInit:  - bVerifyPeer = true  - Libcurl will verify peer certificate
LogInit:  - bUseHttpProxy = false  - Libcurl will NOT use HTTP proxy
LogInit:  - bDontReuseConnections = false  - Libcurl will reuse connections
LogInit:  - MaxHostConnections = 16  - Libcurl will limit the number of connections to a host
LogInit:  - LocalHostAddr = Default
LogInit:  - BufferSize = 65536
LogInit: WinSock: version 1.1 (2.2), MaxSocks=32767, MaxUdp=65467
LogHMD: Failed initializing OVRPlugin 1.32.0
LogInit: Build: ++UE4+Release-4.22-CL-7053642
LogInit: Engine Version: 4.22.3-7053642+++UE4+Release-4.22
LogInit: Compatible Engine Version: 4.22.0-5660361+++UE4+Release-4.22
LogInit: Net CL: 5660361
LogInit: OS: Windows 10 (Release 1809) (), CPU: Intel(R) Core(TM) i7-6700HQ CPU @ 2.60GHz, GPU: NVIDIA GeForce GTX 1060
LogInit: Compiled (64-bit): Jun 18 2019 03:09:11
LogInit: Compiled with Visual C++: 19.16.27025.01
LogInit: Build Configuration: Development
LogInit: Branch Name: ++UE4+Release-4.22
LogInit: Command Line:  -skipcompile
LogInit: Base Directory: D:/Program Files/Epic Games/UE_4.22/Engine/Binaries/Win64/
LogInit: Installed Engine Build: 1
LogDevObjectVersion: Number of dev versions registered: 23
LogDevObjectVersion:   Dev-Blueprints (B0D832E4-1F89-4F0D-ACCF-7EB736FD4AA2): 10
LogDevObjectVersion:   Dev-Build (E1C64328-A22C-4D53-A36C-8E866417BD8C): 0
LogDevObjectVersion:   Dev-Core (375EC13C-06E4-48FB-B500-84F0262A717E): 3
LogDevObjectVersion:   Dev-Editor (E4B068ED-F494-42E9-A231-DA0B2E46BB41): 30
LogDevObjectVersion:   Dev-Framework (CFFC743F-43B0-4480-9391-14DF171D2073): 35
LogDevObjectVersion:   Dev-Mobile (B02B49B5-BB20-44E9-A304-32B752E40360): 2
LogDevObjectVersion:   Dev-Networking (A4E4105C-59A1-49B5-A7C5-40C4547EDFEE): 0
LogDevObjectVersion:   Dev-Online (39C831C9-5AE6-47DC-9A44-9C173E1C8E7C): 0
LogDevObjectVersion:   Dev-Physics (78F01B33-EBEA-4F98-B9B4-84EACCB95AA2): 0
LogDevObjectVersion:   Dev-Platform (6631380F-2D4D-43E0-8009-CF276956A95A): 0
LogDevObjectVersion:   Dev-Rendering (12F88B9F-8875-4AFC-A67C-D90C383ABD29): 28
LogDevObjectVersion:   Dev-Sequencer (7B5AE74C-D270-4C10-A958-57980B212A5A): 11
LogDevObjectVersion:   Dev-VR (D7296918-1DD6-4BDD-9DE2-64A83CC13884): 2
LogDevObjectVersion:   Dev-LoadTimes (C2A15278-BFE7-4AFE-6C17-90FF531DF755): 1
LogDevObjectVersion:   Private-Geometry (6EACA3D4-40EC-4CC1-B786-8BED09428FC5): 3
LogDevObjectVersion:   Dev-AnimPhys (29E575DD-E0A3-4627-9D10-D276232CDCEA): 17
LogDevObjectVersion:   Dev-Anim (AF43A65D-7FD3-4947-9873-3E8ED9C1BB05): 2
LogDevObjectVersion:   Dev-ReflectionCapture (6B266CEC-1EC7-4B8F-A30B-E4D90942FC07): 1
LogDevObjectVersion:   Dev-Automation (0DF73D61-A23F-47EA-B727-89E90C41499A): 1
LogDevObjectVersion:   FortniteMain (601D1886-AC64-4F84-AA16-D3DE0DEAC7D6): 25
LogDevObjectVersion:   Dev-Enterprise (9DFFBCD6-494F-0158-E221-12823C92A888): 6
LogDevObjectVersion:   Dev-Niagara (F2AED0AC-9AFE-416F-8664-AA7FFA26D6FC): 1
LogDevObjectVersion:   Dev-Destruction (174F1F0B-B4C6-45A5-B13F-2EE8D0FB917D): 2
LogInit: Presizing for max 16777216 objects, including 0 objects not considered by GC, pre-allocating 0 bytes for permanent pool.
LogInit: Object subsystem initialized
LogConfig: Setting CVar [[con.DebugEarlyDefault:1]]
LogConfig: Setting CVar [[r.setres:1280x720]]
[2019.12.06-17.02.45:142][  0]LogConfig: Setting CVar [[r.VSync:0]]
[2019.12.06-17.02.45:142][  0]LogConfig: Setting CVar [[r.RHICmdBypass:0]]
[2019.12.06-17.02.45:142][  0]LogConfig: Applying CVar settings from Section [/Script/Engine.RendererSettings] File [D:/Projects/GBC/05/GAME3003-ConsoleDev/gbc_game3003/Assignment678_RicardoShimodaNakasako/Saved/Config/Windows/Engine.ini]
[2019.12.06-17.02.45:143][  0]LogConfig: Setting CVar [[r.GPUCrashDebugging:0]]
[2019.12.06-17.02.45:143][  0]LogConfig: Setting CVar [[r.DefaultFeature.AutoExposure.ExtendDefaultLuminanceRange:1]]
[2019.12.06-17.02.45:143][  0]LogConfig: Applying CVar settings from Section [/Script/Engine.RendererOverrideSettings] File [D:/Projects/GBC/05/GAME3003-ConsoleDev/gbc_game3003/Assignment678_RicardoShimodaNakasako/Saved/Config/Windows/Engine.ini]
[2019.12.06-17.02.45:144][  0]LogConfig: Applying CVar settings from Section [/Script/Engine.StreamingSettings] File [D:/Projects/GBC/05/GAME3003-ConsoleDev/gbc_game3003/Assignment678_RicardoShimodaNakasako/Saved/Config/Windows/Engine.ini]
[2019.12.06-17.02.45:144][  0]LogConfig: Setting CVar [[s.MinBulkDataSizeForAsyncLoading:131072]]
[2019.12.06-17.02.45:144][  0]LogConfig: Setting CVar [[s.AsyncLoadingThreadEnabled:0]]
[2019.12.06-17.02.45:145][  0]LogConfig: Setting CVar [[s.EventDrivenLoaderEnabled:1]]
[2019.12.06-17.02.45:145][  0]LogConfig: Setting CVar [[s.WarnIfTimeLimitExceeded:0]]
[2019.12.06-17.02.45:145][  0]LogConfig: Setting CVar [[s.TimeLimitExceededMultiplier:1.5]]
[2019.12.06-17.02.45:145][  0]LogConfig: Setting CVar [[s.TimeLimitExceededMinTime:0.005]]
[2019.12.06-17.02.45:146][  0]LogConfig: Setting CVar [[s.UseBackgroundLevelStreaming:1]]
[2019.12.06-17.02.45:146][  0]LogConfig: Setting CVar [[s.PriorityAsyncLoadingExtraTime:15.0]]
[2019.12.06-17.02.45:146][  0]LogConfig: Setting CVar [[s.LevelStreamingActorsUpdateTimeLimit:5.0]]
[2019.12.06-17.02.45:147][  0]LogConfig: Setting CVar [[s.PriorityLevelStreamingActorsUpdateExtraTime:5.0]]
[2019.12.06-17.02.45:147][  0]LogConfig: Setting CVar [[s.LevelStreamingComponentsRegistrationGranularity:10]]
[2019.12.06-17.02.45:147][  0]LogConfig: Setting CVar [[s.UnregisterComponentsTimeLimit:1.0]]
[2019.12.06-17.02.45:147][  0]LogConfig: Setting CVar [[s.LevelStreamingComponentsUnregistrationGranularity:5]]
[2019.12.06-17.02.45:148][  0]LogConfig: Applying CVar settings from Section [/Script/Engine.GarbageCollectionSettings] File [D:/Projects/GBC/05/GAME3003-ConsoleDev/gbc_game3003/Assignment678_RicardoShimodaNakasako/Saved/Config/Windows/Engine.ini]
[2019.12.06-17.02.45:148][  0]LogConfig: Setting CVar [[gc.MaxObjectsNotConsideredByGC:1]]
[2019.12.06-17.02.45:148][  0]LogConfig: Setting CVar [[gc.SizeOfPermanentObjectPool:0]]
[2019.12.06-17.02.45:149][  0]LogConfig: Setting CVar [[gc.FlushStreamingOnGC:0]]
[2019.12.06-17.02.45:149][  0]LogConfig: Setting CVar [[gc.NumRetriesBeforeForcingGC:10]]
[2019.12.06-17.02.45:149][  0]LogConfig: Setting CVar [[gc.AllowParallelGC:1]]
[2019.12.06-17.02.45:150][  0]LogConfig: Setting CVar [[gc.TimeBetweenPurgingPendingKillObjects:61.1]]
[2019.12.06-17.02.45:150][  0]LogConfig: Setting CVar [[gc.MaxObjectsInEditor:16777216]]
[2019.12.06-17.02.45:150][  0]LogConfig: Setting CVar [[gc.IncrementalBeginDestroyEnabled:1]]
[2019.12.06-17.02.45:150][  0]LogConfig: Setting CVar [[gc.CreateGCClusters:1]]
[2019.12.06-17.02.45:151][  0]LogConfig: Setting CVar [[gc.MinGCClusterSize:5]]
[2019.12.06-17.02.45:151][  0]LogConfig: Setting CVar [[gc.ActorClusteringEnabled:0]]
[2019.12.06-17.02.45:151][  0]LogConfig: Setting CVar [[gc.BlueprintClusteringEnabled:0]]
[2019.12.06-17.02.45:151][  0]LogConfig: Setting CVar [[gc.UseDisregardForGCOnDedicatedServers:0]]
[2019.12.06-17.02.45:152][  0]LogConfig: Applying CVar settings from Section [/Script/Engine.NetworkSettings] File [D:/Projects/GBC/05/GAME3003-ConsoleDev/gbc_game3003/Assignment678_RicardoShimodaNakasako/Saved/Config/Windows/Engine.ini]
[2019.12.06-17.02.45:152][  0]LogConfig: Applying CVar settings from Section [/Script/UnrealEd.CookerSettings] File [D:/Projects/GBC/05/GAME3003-ConsoleDev/gbc_game3003/Assignment678_RicardoShimodaNakasako/Saved/Config/Windows/Engine.ini]
[2019.12.06-17.02.45:182][  0]LogConfig: Applying CVar settings from Section [ViewDistanceQuality@3] File [D:/Projects/GBC/05/GAME3003-ConsoleDev/gbc_game3003/Assignment678_RicardoShimodaNakasako/Saved/Config/Windows/Scalability.ini]
[2019.12.06-17.02.45:183][  0]LogConfig: Setting CVar [[r.SkeletalMeshLODBias:0]]
[2019.12.06-17.02.45:183][  0]LogConfig: Setting CVar [[r.ViewDistanceScale:1.0]]
[2019.12.06-17.02.45:183][  0]LogConfig: Applying CVar settings from Section [AntiAliasingQuality@3] File [D:/Projects/GBC/05/GAME3003-ConsoleDev/gbc_game3003/Assignment678_RicardoShimodaNakasako/Saved/Config/Windows/Scalability.ini]
[2019.12.06-17.02.45:184][  0]LogConfig: Setting CVar [[r.PostProcessAAQuality:4]]
[2019.12.06-17.02.45:184][  0]LogConfig: Applying CVar settings from Section [ShadowQuality@3] File [D:/Projects/GBC/05/GAME3003-ConsoleDev/gbc_game3003/Assignment678_RicardoShimodaNakasako/Saved/Config/Windows/Scalability.ini]
[2019.12.06-17.02.45:184][  0]LogConfig: Setting CVar [[r.LightFunctionQuality:1]]
[2019.12.06-17.02.45:184][  0]LogConfig: Setting CVar [[r.ShadowQuality:5]]
[2019.12.06-17.02.45:185][  0]LogConfig: Setting CVar [[r.Shadow.CSM.MaxCascades:10]]
[2019.12.06-17.02.45:185][  0]LogConfig: Setting CVar [[r.Shadow.MaxResolution:2048]]
[2019.12.06-17.02.45:185][  0]LogConfig: Setting CVar [[r.Shadow.MaxCSMResolution:2048]]
[2019.12.06-17.02.45:186][  0]LogConfig: Setting CVar [[r.Shadow.RadiusThreshold:0.01]]
[2019.12.06-17.02.45:186][  0]LogConfig: Setting CVar [[r.Shadow.DistanceScale:1.0]]
[2019.12.06-17.02.45:186][  0]LogConfig: Setting CVar [[r.Shadow.CSM.TransitionScale:1.0]]
[2019.12.06-17.02.45:186][  0]LogConfig: Setting CVar [[r.Shadow.PreShadowResolutionFactor:1.0]]
[2019.12.06-17.02.45:187][  0]LogConfig: Setting CVar [[r.DistanceFieldShadowing:1]]
[2019.12.06-17.02.45:187][  0]LogConfig: Setting CVar [[r.DistanceFieldAO:1]]
[2019.12.06-17.02.45:187][  0]LogConfig: Setting CVar [[r.AOQuality:2]]
[2019.12.06-17.02.45:187][  0]LogConfig: Setting CVar [[r.VolumetricFog:1]]
[2019.12.06-17.02.45:188][  0]LogConfig: Setting CVar [[r.VolumetricFog.GridPixelSize:8]]
[2019.12.06-17.02.45:188][  0]LogConfig: Setting CVar [[r.VolumetricFog.GridSizeZ:128]]
[2019.12.06-17.02.45:188][  0]LogConfig: Setting CVar [[r.VolumetricFog.HistoryMissSupersampleCount:4]]
[2019.12.06-17.02.45:189][  0]LogConfig: Setting CVar [[r.LightMaxDrawDistanceScale:1]]
[2019.12.06-17.02.45:189][  0]LogConfig: Setting CVar [[r.CapsuleShadows:1]]
[2019.12.06-17.02.45:189][  0]LogConfig: Applying CVar settings from Section [PostProcessQuality@3] File [D:/Projects/GBC/05/GAME3003-ConsoleDev/gbc_game3003/Assignment678_RicardoShimodaNakasako/Saved/Config/Windows/Scalability.ini]
[2019.12.06-17.02.45:189][  0]LogConfig: Setting CVar [[r.MotionBlurQuality:4]]
[2019.12.06-17.02.45:190][  0]LogConfig: Setting CVar [[r.AmbientOcclusionMipLevelFactor:0.4]]
[2019.12.06-17.02.45:190][  0]LogConfig: Setting CVar [[r.AmbientOcclusionMaxQuality:100]]
[2019.12.06-17.02.45:190][  0]LogConfig: Setting CVar [[r.AmbientOcclusionLevels:-1]]
[2019.12.06-17.02.45:191][  0]LogConfig: Setting CVar [[r.AmbientOcclusionRadiusScale:1.0]]
[2019.12.06-17.02.45:191][  0]LogConfig: Setting CVar [[r.DepthOfFieldQuality:2]]
[2019.12.06-17.02.45:191][  0]LogConfig: Setting CVar [[r.RenderTargetPoolMin:400]]
[2019.12.06-17.02.45:191][  0]LogConfig: Setting CVar [[r.LensFlareQuality:2]]
[2019.12.06-17.02.45:192][  0]LogConfig: Setting CVar [[r.SceneColorFringeQuality:1]]
[2019.12.06-17.02.45:192][  0]LogConfig: Setting CVar [[r.EyeAdaptationQuality:2]]
[2019.12.06-17.02.45:192][  0]LogConfig: Setting CVar [[r.BloomQuality:5]]
[2019.12.06-17.02.45:192][  0]LogConfig: Setting CVar [[r.FastBlurThreshold:100]]
[2019.12.06-17.02.45:193][  0]LogConfig: Setting CVar [[r.Upscale.Quality:3]]
[2019.12.06-17.02.45:193][  0]LogConfig: Setting CVar [[r.Tonemapper.GrainQuantization:1]]
[2019.12.06-17.02.45:193][  0]LogConfig: Setting CVar [[r.LightShaftQuality:1]]
[2019.12.06-17.02.45:193][  0]LogConfig: Setting CVar [[r.Filter.SizeScale:1]]
[2019.12.06-17.02.45:194][  0]LogConfig: Setting CVar [[r.Tonemapper.Quality:5]]
[2019.12.06-17.02.45:194][  0]LogConfig: Setting CVar [[r.DOF.Gather.AccumulatorQuality:1        ; higher gathering accumulator quality]]
[2019.12.06-17.02.45:194][  0]LogConfig: Setting CVar [[r.DOF.Gather.PostfilterMethod:1          ; Median3x3 postfilering method]]
[2019.12.06-17.02.45:195][  0]LogConfig: Setting CVar [[r.DOF.Gather.EnableBokehSettings:0       ; no bokeh simulation when gathering]]
[2019.12.06-17.02.45:195][  0]LogConfig: Setting CVar [[r.DOF.Gather.RingCount:4                 ; medium number of samples when gathering]]
[2019.12.06-17.02.45:195][  0]LogConfig: Setting CVar [[r.DOF.Scatter.ForegroundCompositing:1    ; additive foreground scattering]]
[2019.12.06-17.02.45:195][  0]LogConfig: Setting CVar [[r.DOF.Scatter.BackgroundCompositing:2    ; additive background scattering]]
[2019.12.06-17.02.45:196][  0]LogConfig: Setting CVar [[r.DOF.Scatter.EnableBokehSettings:1      ; bokeh simulation when scattering]]
[2019.12.06-17.02.45:196][  0]LogConfig: Setting CVar [[r.DOF.Scatter.MaxSpriteRatio:0.1         ; only a maximum of 10% of scattered bokeh]]
[2019.12.06-17.02.45:196][  0]LogConfig: Setting CVar [[r.DOF.Recombine.Quality:1                ; cheap slight out of focus]]
[2019.12.06-17.02.45:197][  0]LogConfig: Setting CVar [[r.DOF.Recombine.EnableBokehSettings:0    ; no bokeh simulation on slight out of focus]]
[2019.12.06-17.02.45:197][  0]LogConfig: Setting CVar [[r.DOF.TemporalAAQuality:1                ; more stable temporal accumulation]]
[2019.12.06-17.02.45:197][  0]LogConfig: Setting CVar [[r.DOF.Kernel.MaxForegroundRadius:0.025]]
[2019.12.06-17.02.45:197][  0]LogConfig: Setting CVar [[r.DOF.Kernel.MaxBackgroundRadius:0.025]]
[2019.12.06-17.02.45:198][  0]LogConfig: Applying CVar settings from Section [TextureQuality@3] File [D:/Projects/GBC/05/GAME3003-ConsoleDev/gbc_game3003/Assignment678_RicardoShimodaNakasako/Saved/Config/Windows/Scalability.ini]
[2019.12.06-17.02.45:198][  0]LogConfig: Setting CVar [[r.Streaming.MipBias:0]]
[2019.12.06-17.02.45:198][  0]LogConfig: Setting CVar [[r.Streaming.AmortizeCPUToGPUCopy:0]]
[2019.12.06-17.02.45:199][  0]LogConfig: Setting CVar [[r.Streaming.MaxNumTexturesToStreamPerFrame:0]]
[2019.12.06-17.02.45:199][  0]LogConfig: Setting CVar [[r.Streaming.Boost:1]]
[2019.12.06-17.02.45:199][  0]LogConfig: Setting CVar [[r.MaxAnisotropy:8]]
[2019.12.06-17.02.45:199][  0]LogConfig: Setting CVar [[r.Streaming.LimitPoolSizeToVRAM:0]]
[2019.12.06-17.02.45:200][  0]LogConfig: Setting CVar [[r.Streaming.PoolSize:1000]]
[2019.12.06-17.02.45:200][  0]LogConfig: Setting CVar [[r.Streaming.MaxEffectiveScreenSize:0]]
[2019.12.06-17.02.45:200][  0]LogConfig: Applying CVar settings from Section [EffectsQuality@3] File [D:/Projects/GBC/05/GAME3003-ConsoleDev/gbc_game3003/Assignment678_RicardoShimodaNakasako/Saved/Config/Windows/Scalability.ini]
[2019.12.06-17.02.45:201][  0]LogConfig: Setting CVar [[r.TranslucencyLightingVolumeDim:64]]
[2019.12.06-17.02.45:201][  0]LogConfig: Setting CVar [[r.RefractionQuality:2]]
[2019.12.06-17.02.45:201][  0]LogConfig: Setting CVar [[r.SSR.Quality:3]]
[2019.12.06-17.02.45:201][  0]LogConfig: Setting CVar [[r.SceneColorFormat:4]]
[2019.12.06-17.02.45:202][  0]LogConfig: Setting CVar [[r.DetailMode:2]]
[2019.12.06-17.02.45:202][  0]LogConfig: Setting CVar [[r.TranslucencyVolumeBlur:1]]
[2019.12.06-17.02.45:202][  0]LogConfig: Setting CVar [[r.MaterialQualityLevel:1 ; High quality]]
[2019.12.06-17.02.45:202][  0]LogConfig: Setting CVar [[r.SSS.Scale:1]]
[2019.12.06-17.02.45:203][  0]LogConfig: Setting CVar [[r.SSS.SampleSet:2]]
[2019.12.06-17.02.45:203][  0]LogConfig: Setting CVar [[r.SSS.Quality:1]]
[2019.12.06-17.02.45:203][  0]LogConfig: Setting CVar [[r.SSS.HalfRes:1]]
[2019.12.06-17.02.45:203][  0]LogConfig: Setting CVar [[r.EmitterSpawnRateScale:1.0]]
[2019.12.06-17.02.45:204][  0]LogConfig: Setting CVar [[r.ParticleLightQuality:2]]
[2019.12.06-17.02.45:204][  0]LogConfig: Applying CVar settings from Section [FoliageQuality@3] File [D:/Projects/GBC/05/GAME3003-ConsoleDev/gbc_game3003/Assignment678_RicardoShimodaNakasako/Saved/Config/Windows/Scalability.ini]
[2019.12.06-17.02.45:204][  0]LogConfig: Setting CVar [[foliage.DensityScale:1.0]]
[2019.12.06-17.02.45:204][  0]LogConfig: Setting CVar [[grass.DensityScale:1.0]]
[2019.12.06-17.02.45:205][  0]LogInit: Selected Device Profile: [Windows]
[2019.12.06-17.02.45:205][  0]LogInit: Applying CVar settings loaded from the selected device profile: [Windows]
[2019.12.06-17.02.45:258][  0]LogHAL: Display: Platform has ~ 16 GB [17044676608 / 17179869184 / 16], which maps to Larger [LargestMinGB=32, LargerMinGB=12, DefaultMinGB=8, SmallerMinGB=6, SmallestMinGB=0)
[2019.12.06-17.02.45:258][  0]LogConfig: Setting CVar [[r.Vulkan.UseRealUBs:0		; Required until we fix HLR fall-out]]
[2019.12.06-17.02.45:258][  0]LogInit: Going up to parent DeviceProfile []
[2019.12.06-17.02.45:259][  0]LogConfig: Applying CVar settings from Section [ViewDistanceQuality@3] File [D:/Projects/GBC/05/GAME3003-ConsoleDev/gbc_game3003/Assignment678_RicardoShimodaNakasako/Saved/Config/Windows/Scalability.ini]
[2019.12.06-17.02.45:259][  0]LogConfig: Setting CVar [[r.SkeletalMeshLODBias:0]]
[2019.12.06-17.02.45:259][  0]LogConfig: Setting CVar [[r.ViewDistanceScale:1.0]]
[2019.12.06-17.02.45:260][  0]LogConfig: Applying CVar settings from Section [AntiAliasingQuality@3] File [D:/Projects/GBC/05/GAME3003-ConsoleDev/gbc_game3003/Assignment678_RicardoShimodaNakasako/Saved/Config/Windows/Scalability.ini]
[2019.12.06-17.02.45:260][  0]LogConfig: Setting CVar [[r.PostProcessAAQuality:4]]
[2019.12.06-17.02.45:260][  0]LogConfig: Applying CVar settings from Section [ShadowQuality@3] File [D:/Projects/GBC/05/GAME3003-ConsoleDev/gbc_game3003/Assignment678_RicardoShimodaNakasako/Saved/Config/Windows/Scalability.ini]
[2019.12.06-17.02.45:260][  0]LogConfig: Setting CVar [[r.LightFunctionQuality:1]]
[2019.12.06-17.02.45:261][  0]LogConfig: Setting CVar [[r.ShadowQuality:5]]
[2019.12.06-17.02.45:261][  0]LogConfig: Setting CVar [[r.Shadow.CSM.MaxCascades:10]]
[2019.12.06-17.02.45:261][  0]LogConfig: Setting CVar [[r.Shadow.MaxResolution:2048]]
[2019.12.06-17.02.45:261][  0]LogConfig: Setting CVar [[r.Shadow.MaxCSMResolution:2048]]
[2019.12.06-17.02.45:262][  0]LogConfig: Setting CVar [[r.Shadow.RadiusThreshold:0.01]]
[2019.12.06-17.02.45:262][  0]LogConfig: Setting CVar [[r.Shadow.DistanceScale:1.0]]
[2019.12.06-17.02.45:262][  0]LogConfig: Setting CVar [[r.Shadow.CSM.TransitionScale:1.0]]
[2019.12.06-17.02.45:262][  0]LogConfig: Setting CVar [[r.Shadow.PreShadowResolutionFactor:1.0]]
[2019.12.06-17.02.45:263][  0]LogConfig: Setting CVar [[r.DistanceFieldShadowing:1]]
[2019.12.06-17.02.45:263][  0]LogConfig: Setting CVar [[r.DistanceFieldAO:1]]
[2019.12.06-17.02.45:263][  0]LogConfig: Setting CVar [[r.AOQuality:2]]
[2019.12.06-17.02.45:263][  0]LogConfig: Setting CVar [[r.VolumetricFog:1]]
[2019.12.06-17.02.45:264][  0]LogConfig: Setting CVar [[r.VolumetricFog.GridPixelSize:8]]
[2019.12.06-17.02.45:264][  0]LogConfig: Setting CVar [[r.VolumetricFog.GridSizeZ:128]]
[2019.12.06-17.02.45:264][  0]LogConfig: Setting CVar [[r.VolumetricFog.HistoryMissSupersampleCount:4]]
[2019.12.06-17.02.45:264][  0]LogConfig: Setting CVar [[r.LightMaxDrawDistanceScale:1]]
[2019.12.06-17.02.45:265][  0]LogConfig: Setting CVar [[r.CapsuleShadows:1]]
[2019.12.06-17.02.45:265][  0]LogConfig: Applying CVar settings from Section [PostProcessQuality@3] File [D:/Projects/GBC/05/GAME3003-ConsoleDev/gbc_game3003/Assignment678_RicardoShimodaNakasako/Saved/Config/Windows/Scalability.ini]
[2019.12.06-17.02.45:265][  0]LogConfig: Setting CVar [[r.MotionBlurQuality:4]]
[2019.12.06-17.02.45:265][  0]LogConfig: Setting CVar [[r.AmbientOcclusionMipLevelFactor:0.4]]
[2019.12.06-17.02.45:266][  0]LogConfig: Setting CVar [[r.AmbientOcclusionMaxQuality:100]]
[2019.12.06-17.02.45:266][  0]LogConfig: Setting CVar [[r.AmbientOcclusionLevels:-1]]
[2019.12.06-17.02.45:266][  0]LogConfig: Setting CVar [[r.AmbientOcclusionRadiusScale:1.0]]
[2019.12.06-17.02.45:267][  0]LogConfig: Setting CVar [[r.DepthOfFieldQuality:2]]
[2019.12.06-17.02.45:267][  0]LogConfig: Setting CVar [[r.RenderTargetPoolMin:400]]
[2019.12.06-17.02.45:267][  0]LogConfig: Setting CVar [[r.LensFlareQuality:2]]
[2019.12.06-17.02.45:267][  0]LogConfig: Setting CVar [[r.SceneColorFringeQuality:1]]
[2019.12.06-17.02.45:268][  0]LogConfig: Setting CVar [[r.EyeAdaptationQuality:2]]
[2019.12.06-17.02.45:268][  0]LogConfig: Setting CVar [[r.BloomQuality:5]]
[2019.12.06-17.02.45:268][  0]LogConfig: Setting CVar [[r.FastBlurThreshold:100]]
[2019.12.06-17.02.45:268][  0]LogConfig: Setting CVar [[r.Upscale.Quality:3]]
[2019.12.06-17.02.45:269][  0]LogConfig: Setting CVar [[r.Tonemapper.GrainQuantization:1]]
[2019.12.06-17.02.45:269][  0]LogConfig: Setting CVar [[r.LightShaftQuality:1]]
[2019.12.06-17.02.45:269][  0]LogConfig: Setting CVar [[r.Filter.SizeScale:1]]
[2019.12.06-17.02.45:269][  0]LogConfig: Setting CVar [[r.Tonemapper.Quality:5]]
[2019.12.06-17.02.45:270][  0]LogConfig: Setting CVar [[r.DOF.Gather.AccumulatorQuality:1        ; higher gathering accumulator quality]]
[2019.12.06-17.02.45:270][  0]LogConfig: Setting CVar [[r.DOF.Gather.PostfilterMethod:1          ; Median3x3 postfilering method]]
[2019.12.06-17.02.45:270][  0]LogConfig: Setting CVar [[r.DOF.Gather.EnableBokehSettings:0       ; no bokeh simulation when gathering]]
[2019.12.06-17.02.45:271][  0]LogConfig: Setting CVar [[r.DOF.Gather.RingCount:4                 ; medium number of samples when gathering]]
[2019.12.06-17.02.45:271][  0]LogConfig: Setting CVar [[r.DOF.Scatter.ForegroundCompositing:1    ; additive foreground scattering]]
[2019.12.06-17.02.45:271][  0]LogConfig: Setting CVar [[r.DOF.Scatter.BackgroundCompositing:2    ; additive background scattering]]
[2019.12.06-17.02.45:271][  0]LogConfig: Setting CVar [[r.DOF.Scatter.EnableBokehSettings:1      ; bokeh simulation when scattering]]
[2019.12.06-17.02.45:272][  0]LogConfig: Setting CVar [[r.DOF.Scatter.MaxSpriteRatio:0.1         ; only a maximum of 10% of scattered bokeh]]
[2019.12.06-17.02.45:272][  0]LogConfig: Setting CVar [[r.DOF.Recombine.Quality:1                ; cheap slight out of focus]]
[2019.12.06-17.02.45:272][  0]LogConfig: Setting CVar [[r.DOF.Recombine.EnableBokehSettings:0    ; no bokeh simulation on slight out of focus]]
[2019.12.06-17.02.45:272][  0]LogConfig: Setting CVar [[r.DOF.TemporalAAQuality:1                ; more stable temporal accumulation]]
[2019.12.06-17.02.45:273][  0]LogConfig: Setting CVar [[r.DOF.Kernel.MaxForegroundRadius:0.025]]
[2019.12.06-17.02.45:273][  0]LogConfig: Setting CVar [[r.DOF.Kernel.MaxBackgroundRadius:0.025]]
[2019.12.06-17.02.45:273][  0]LogConfig: Applying CVar settings from Section [TextureQuality@3] File [D:/Projects/GBC/05/GAME3003-ConsoleDev/gbc_game3003/Assignment678_RicardoShimodaNakasako/Saved/Config/Windows/Scalability.ini]
[2019.12.06-17.02.45:273][  0]LogConfig: Setting CVar [[r.Streaming.MipBias:0]]
[2019.12.06-17.02.45:274][  0]LogConfig: Setting CVar [[r.Streaming.AmortizeCPUToGPUCopy:0]]
[2019.12.06-17.02.45:274][  0]LogConfig: Setting CVar [[r.Streaming.MaxNumTexturesToStreamPerFrame:0]]
[2019.12.06-17.02.45:274][  0]LogConfig: Setting CVar [[r.Streaming.Boost:1]]
[2019.12.06-17.02.45:275][  0]LogConfig: Setting CVar [[r.MaxAnisotropy:8]]
[2019.12.06-17.02.45:275][  0]LogConfig: Setting CVar [[r.Streaming.LimitPoolSizeToVRAM:0]]
[2019.12.06-17.02.45:275][  0]LogConfig: Setting CVar [[r.Streaming.PoolSize:1000]]
[2019.12.06-17.02.45:275][  0]LogConfig: Setting CVar [[r.Streaming.MaxEffectiveScreenSize:0]]
[2019.12.06-17.02.45:276][  0]LogConfig: Applying CVar settings from Section [EffectsQuality@3] File [D:/Projects/GBC/05/GAME3003-ConsoleDev/gbc_game3003/Assignment678_RicardoShimodaNakasako/Saved/Config/Windows/Scalability.ini]
[2019.12.06-17.02.45:276][  0]LogConfig: Setting CVar [[r.TranslucencyLightingVolumeDim:64]]
[2019.12.06-17.02.45:276][  0]LogConfig: Setting CVar [[r.RefractionQuality:2]]
[2019.12.06-17.02.45:276][  0]LogConfig: Setting CVar [[r.SSR.Quality:3]]
[2019.12.06-17.02.45:277][  0]LogConfig: Setting CVar [[r.SceneColorFormat:4]]
[2019.12.06-17.02.45:277][  0]LogConfig: Setting CVar [[r.DetailMode:2]]
[2019.12.06-17.02.45:277][  0]LogConfig: Setting CVar [[r.TranslucencyVolumeBlur:1]]
[2019.12.06-17.02.45:277][  0]LogConfig: Setting CVar [[r.MaterialQualityLevel:1 ; High quality]]
[2019.12.06-17.02.45:277][  0]LogConfig: Setting CVar [[r.SSS.Scale:1]]
[2019.12.06-17.02.45:278][  0]LogConfig: Setting CVar [[r.SSS.SampleSet:2]]
[2019.12.06-17.02.45:278][  0]LogConfig: Setting CVar [[r.SSS.Quality:1]]
[2019.12.06-17.02.45:278][  0]LogConfig: Setting CVar [[r.SSS.HalfRes:1]]
[2019.12.06-17.02.45:279][  0]LogConfig: Setting CVar [[r.EmitterSpawnRateScale:1.0]]
[2019.12.06-17.02.45:279][  0]LogConfig: Setting CVar [[r.ParticleLightQuality:2]]
[2019.12.06-17.02.45:279][  0]LogConfig: Applying CVar settings from Section [FoliageQuality@3] File [D:/Projects/GBC/05/GAME3003-ConsoleDev/gbc_game3003/Assignment678_RicardoShimodaNakasako/Saved/Config/Windows/Scalability.ini]
[2019.12.06-17.02.45:279][  0]LogConfig: Setting CVar [[foliage.DensityScale:1.0]]
[2019.12.06-17.02.45:280][  0]LogConfig: Setting CVar [[grass.DensityScale:1.0]]
[2019.12.06-17.02.45:280][  0]LogConfig: Applying CVar settings from Section [Startup] File [../../../Engine/Config/ConsoleVariables.ini]
[2019.12.06-17.02.45:281][  0]LogConfig: Setting CVar [[net.UseAdaptiveNetUpdateFrequency:0]]
[2019.12.06-17.02.45:281][  0]LogConfig: Setting CVar [[p.chaos.AllowCreatePhysxBodies:1]]
[2019.12.06-17.02.45:281][  0]LogConfig: Applying CVar settings from Section [ConsoleVariables] File [D:/Projects/GBC/05/GAME3003-ConsoleDev/gbc_game3003/Assignment678_RicardoShimodaNakasako/Saved/Config/Windows/Engine.ini]
[2019.12.06-17.02.45:282][  0]LogInit: Computer: DESKTOP-JCIH07M
[2019.12.06-17.02.45:282][  0]LogInit: User: Ricardo
[2019.12.06-17.02.45:282][  0]LogInit: CPU Page size=4096, Cores=4
[2019.12.06-17.02.45:282][  0]LogInit: High frequency timer resolution =10.000000 MHz
[2019.12.06-17.02.45:284][  0]LogMemory: Memory total: Physical=15.9GB (16GB approx)
[2019.12.06-17.02.45:284][  0]LogMemory: Platform Memory Stats for Windows
[2019.12.06-17.02.45:284][  0]LogMemory: Process Physical Memory: 101.21 MB used, 101.22 MB peak
[2019.12.06-17.02.45:285][  0]LogMemory: Process Virtual Memory: 92.84 MB used, 92.84 MB peak
[2019.12.06-17.02.45:285][  0]LogMemory: Physical Memory: 7370.96 MB used,  8884.11 MB free, 16255.07 MB total
[2019.12.06-17.02.45:285][  0]LogMemory: Virtual Memory: 4676.25 MB used,  134213048.00 MB free, 134217728.00 MB total
[2019.12.06-17.02.45:819][  0]LogInit: Using OS detected language (en-US).
[2019.12.06-17.02.45:819][  0]LogInit: Using OS detected locale (en-CA).
[2019.12.06-17.02.45:822][  0]LogTextLocalizationManager: No specific localization for 'en-US' exists, so the 'en' localization will be used.
[2019.12.06-17.02.46:520][  0]LogInit: Setting process to per monitor DPI aware
[2019.12.06-17.02.46:702][  0]LogSlate: New Slate User Created.  User Index 0, Is Virtual User: 0
[2019.12.06-17.02.46:702][  0]LogSlate: Slate User Registered.  User Index 0, Is Virtual User: 0
[2019.12.06-17.02.53:224][  0]LogHMD: Failed to initialize OpenVR with code 108
[2019.12.06-17.02.53:226][  0]LogD3D11RHI: D3D11 adapters:
[2019.12.06-17.02.53:612][  0]LogD3D11RHI:    0. 'NVIDIA GeForce GTX 1060' (Feature Level 11_0)
[2019.12.06-17.02.53:612][  0]LogD3D11RHI:       6052/0/8127 MB DedicatedVideo/DedicatedSystem/SharedSystem, Outputs:1, VendorId:0x10de
[2019.12.06-17.02.53:692][  0]LogD3D11RHI:    1. 'Intel(R) HD Graphics 530' (Feature Level 11_0)
[2019.12.06-17.02.53:693][  0]LogD3D11RHI:       128/0/8127 MB DedicatedVideo/DedicatedSystem/SharedSystem, Outputs:0, VendorId:0x8086
[2019.12.06-17.02.53:715][  0]LogD3D11RHI:    2. 'Microsoft Basic Render Driver' (Feature Level 11_0)
[2019.12.06-17.02.53:715][  0]LogD3D11RHI:       0/0/8127 MB DedicatedVideo/DedicatedSystem/SharedSystem, Outputs:0, VendorId:0x1414
[2019.12.06-17.02.53:716][  0]LogD3D11RHI: Chosen D3D11 Adapter: 0
[2019.12.06-17.02.53:784][  0]LogD3D11RHI: Creating new Direct3DDevice
[2019.12.06-17.02.53:785][  0]LogD3D11RHI:     GPU DeviceId: 0x1c20 (for the marketing name, search the web for "GPU Device Id")
[2019.12.06-17.02.53:786][  0]LogWindows: EnumDisplayDevices:
[2019.12.06-17.02.53:786][  0]LogWindows:    0. 'NVIDIA GeForce GTX 1060' (P:1 D:1)
[2019.12.06-17.02.53:789][  0]LogWindows:    1. 'NVIDIA GeForce GTX 1060' (P:0 D:0)
[2019.12.06-17.02.53:792][  0]LogWindows:    2. 'NVIDIA GeForce GTX 1060' (P:0 D:0)
[2019.12.06-17.02.53:794][  0]LogWindows:    3. 'NVIDIA GeForce GTX 1060' (P:0 D:0)
[2019.12.06-17.02.53:797][  0]LogWindows:    4. 'Intel(R) HD Graphics 530' (P:0 D:0)
[2019.12.06-17.02.53:800][  0]LogWindows:    5. 'Intel(R) HD Graphics 530' (P:0 D:0)
[2019.12.06-17.02.53:802][  0]LogWindows:    6. 'Intel(R) HD Graphics 530' (P:0 D:0)
[2019.12.06-17.02.53:805][  0]LogWindows: DebugString: PrimaryIsNotTheChoosenAdapter PrimaryIsNotTheChoosenAdapter PrimaryIsNotTheChoosenAdapter FoundDriverCount:4 
[2019.12.06-17.02.53:805][  0]LogD3D11RHI:     Adapter Name: NVIDIA GeForce GTX 1060
[2019.12.06-17.02.53:805][  0]LogD3D11RHI:   Driver Version: 431.53 (internal:26.21.14.3153, unified:431.53)
[2019.12.06-17.02.53:806][  0]LogD3D11RHI:      Driver Date: 7-12-2019
[2019.12.06-17.02.53:806][  0]LogRHI: Texture pool is 4236 MB (70% of 6052 MB)
[2019.12.06-17.02.54:044][  0]LogD3D11RHI: Async texture creation enabled
[2019.12.06-17.02.54:115][  0]LogRendererCore: FGlobalReadBuffer::InitRHI
[2019.12.06-17.02.54:117][  0]LogRendererCore: FGlobalReadBuffer::InitRHI
[2019.12.06-17.02.54:118][  0]LogRendererCore: FGlobalReadBuffer::InitRHI
[2019.12.06-17.02.54:136][  0]LogD3D11RHI: GPU Timing Frequency: 1000.000000 (Debug: 2 1)
[2019.12.06-17.02.55:979][  0]LogTemp: Display: Module 'AllDesktopTargetPlatform' loaded TargetPlatform 'AllDesktop'
[2019.12.06-17.02.56:090][  0]LogTemp: Display: Module 'MacClientTargetPlatform' loaded TargetPlatform 'MacClient'
[2019.12.06-17.02.56:190][  0]LogTemp: Display: Module 'MacNoEditorTargetPlatform' loaded TargetPlatform 'MacNoEditor'
[2019.12.06-17.02.56:305][  0]LogTemp: Display: Module 'MacServerTargetPlatform' loaded TargetPlatform 'MacServer'
[2019.12.06-17.02.56:432][  0]LogTemp: Display: Module 'MacTargetPlatform' loaded TargetPlatform 'Mac'
[2019.12.06-17.02.56:584][  0]LogTemp: Display: Module 'WindowsClientTargetPlatform' loaded TargetPlatform 'WindowsClient'
[2019.12.06-17.02.56:755][  0]LogTemp: Display: Module 'WindowsNoEditorTargetPlatform' loaded TargetPlatform 'WindowsNoEditor'
[2019.12.06-17.02.56:866][  0]LogTemp: Display: Module 'WindowsServerTargetPlatform' loaded TargetPlatform 'WindowsServer'
[2019.12.06-17.02.56:922][  0]LogTemp: Display: Module 'WindowsTargetPlatform' loaded TargetPlatform 'Windows'
[2019.12.06-17.02.57:597][  0]LogTemp: Display: Module 'AndroidTargetPlatform' loaded TargetPlatform 'Android'
[2019.12.06-17.02.57:598][  0]LogTemp: Display: Module 'AndroidTargetPlatform' loaded TargetPlatform 'Android_ASTC'
[2019.12.06-17.02.57:598][  0]LogTemp: Display: Module 'AndroidTargetPlatform' loaded TargetPlatform 'Android_ATC'
[2019.12.06-17.02.57:598][  0]LogTemp: Display: Module 'AndroidTargetPlatform' loaded TargetPlatform 'Android_DXT'
[2019.12.06-17.02.57:599][  0]LogTemp: Display: Module 'AndroidTargetPlatform' loaded TargetPlatform 'Android_ETC1'
[2019.12.06-17.02.57:602][  0]LogTemp: Display: Module 'AndroidTargetPlatform' loaded TargetPlatform 'Android_ETC1a'
[2019.12.06-17.02.57:603][  0]LogTemp: Display: Module 'AndroidTargetPlatform' loaded TargetPlatform 'Android_ETC2'
[2019.12.06-17.02.57:605][  0]LogTemp: Display: Module 'AndroidTargetPlatform' loaded TargetPlatform 'Android_PVRTC'
[2019.12.06-17.02.57:607][  0]LogTemp: Display: Module 'AndroidTargetPlatform' loaded TargetPlatform 'AndroidClient'
[2019.12.06-17.02.57:607][  0]LogTemp: Display: Module 'AndroidTargetPlatform' loaded TargetPlatform 'Android_ASTCClient'
[2019.12.06-17.02.57:608][  0]LogTemp: Display: Module 'AndroidTargetPlatform' loaded TargetPlatform 'Android_ATCClient'
[2019.12.06-17.02.57:609][  0]LogTemp: Display: Module 'AndroidTargetPlatform' loaded TargetPlatform 'Android_DXTClient'
[2019.12.06-17.02.57:610][  0]LogTemp: Display: Module 'AndroidTargetPlatform' loaded TargetPlatform 'Android_ETC1Client'
[2019.12.06-17.02.57:612][  0]LogTemp: Display: Module 'AndroidTargetPlatform' loaded TargetPlatform 'Android_ETC1aClient'
[2019.12.06-17.02.57:613][  0]LogTemp: Display: Module 'AndroidTargetPlatform' loaded TargetPlatform 'Android_ETC2Client'
[2019.12.06-17.02.57:614][  0]LogTemp: Display: Module 'AndroidTargetPlatform' loaded TargetPlatform 'Android_PVRTCClient'
[2019.12.06-17.02.57:614][  0]LogTemp: Display: Module 'AndroidTargetPlatform' loaded TargetPlatform 'Android_Multi'
[2019.12.06-17.02.57:615][  0]LogTemp: Display: Module 'AndroidTargetPlatform' loaded TargetPlatform 'Android_MultiClient'
[2019.12.06-17.02.57:631][  0]LogTemp: Display: Module 'HTML5TargetPlatform' loaded TargetPlatform 'HTML5'
[2019.12.06-17.02.57:898][  0]LogTemp: Display: Module 'IOSTargetPlatform' loaded TargetPlatform 'IOSClient'
[2019.12.06-17.02.57:899][  0]LogTemp: Display: Module 'IOSTargetPlatform' loaded TargetPlatform 'IOS'
[2019.12.06-17.02.58:051][  0]LogTemp: Display: Module 'TVOSTargetPlatform' loaded TargetPlatform 'TVOSClient'
[2019.12.06-17.02.58:051][  0]LogTemp: Display: Module 'TVOSTargetPlatform' loaded TargetPlatform 'TVOS'
[2019.12.06-17.02.58:137][  0]LogTemp: Display: Module 'LinuxClientTargetPlatform' loaded TargetPlatform 'LinuxClient'
[2019.12.06-17.02.58:232][  0]LogTemp: Display: Module 'LinuxNoEditorTargetPlatform' loaded TargetPlatform 'LinuxNoEditor'
[2019.12.06-17.02.58:311][  0]LogTemp: Display: Module 'LinuxServerTargetPlatform' loaded TargetPlatform 'LinuxServer'
[2019.12.06-17.02.58:421][  0]LogTemp: Display: Module 'LinuxTargetPlatform' loaded TargetPlatform 'Linux'
[2019.12.06-17.02.58:741][  0]LogTemp: Display: Module 'LuminTargetPlatform' loaded TargetPlatform 'Lumin'
[2019.12.06-17.02.58:741][  0]LogTemp: Display: Module 'LuminTargetPlatform' loaded TargetPlatform 'LuminClient'
[2019.12.06-17.02.58:742][  0]LogTargetPlatformManager: Display: Building Assets For Windows
[2019.12.06-17.02.58:827][  0]LogAudioDebug: Display: Lib vorbis DLL was dynamically loaded.
[2019.12.06-17.02.59:251][  0]LogShaderCompilers: Guid format shader working directory is -56 characters bigger than the processId version (../../../../../../Projects/GBC/05/GAME3003-ConsoleDev/gbc_game3003/Assignment678_RicardoShimodaNakasako/Intermediate/Shaders/WorkingDirectory/19740/).
[2019.12.06-17.02.59:252][  0]LogShaderCompilers: Cleaned the shader compiler working directory 'C:/Users/Ricardo/AppData/Local/Temp/UnrealShaderWorkingDir/5D49084E46C35F13D7868C9645CA0049/'.
[2019.12.06-17.02.59:262][  0]LogXGEController: Cleaning working directory: C:/Users/Ricardo/AppData/Local/Temp/UnrealXGEWorkingDir/
[2019.12.06-17.02.59:264][  0]LogXGEController: Cannot use XGE Controller as Incredibuild is not installed on this machine.
[2019.12.06-17.02.59:265][  0]LogShaderCompilers: Cannot use XGE Shader Compiler as Incredibuild is not installed on this machine.
[2019.12.06-17.02.59:266][  0]LogShaderCompilers: Display: Using Local Shader Compiler.
[2019.12.06-17.03.02:117][  0]LogDerivedDataCache: Display: Max Cache Size: 512 MB
[2019.12.06-17.03.02:303][  0]LogDerivedDataCache: Loaded boot cache 0.18s 71MB C:/Users/Ricardo/AppData/Local/UnrealEngine/4.22/DerivedDataCache/Boot.ddc.
[2019.12.06-17.03.02:303][  0]LogDerivedDataCache: Display: Loaded Boot cache: C:/Users/Ricardo/AppData/Local/UnrealEngine/4.22/DerivedDataCache/Boot.ddc
[2019.12.06-17.03.02:304][  0]LogDerivedDataCache: FDerivedDataBackendGraph:  Pak pak cache file ../../../../../../Projects/GBC/05/GAME3003-ConsoleDev/gbc_game3003/Assignment678_RicardoShimodaNakasako/DerivedDataCache/DDC.ddp not found, will not use a pak cache.
[2019.12.06-17.03.02:304][  0]LogDerivedDataCache: Unable to find inner node Pak for hierarchical cache Hierarchy.
[2019.12.06-17.03.02:305][  0]LogDerivedDataCache: FDerivedDataBackendGraph:  CompressedPak pak cache file ../../../../../../Projects/GBC/05/GAME3003-ConsoleDev/gbc_game3003/Assignment678_RicardoShimodaNakasako/DerivedDataCache/Compressed.ddp not found, will not use a pak cache.
[2019.12.06-17.03.02:305][  0]LogDerivedDataCache: Unable to find inner node CompressedPak for hierarchical cache Hierarchy.
[2019.12.06-17.03.02:362][  0]LogDerivedDataCache: Display: Pak cache opened for reading ../../../Engine/DerivedDataCache/Compressed.ddp.
[2019.12.06-17.03.02:363][  0]LogDerivedDataCache: FDerivedDataBackendGraph:  EnterprisePak pak cache file ../../../Enterprise/DerivedDataCache/Compressed.ddp not found, will not use a pak cache.
[2019.12.06-17.03.02:363][  0]LogDerivedDataCache: Unable to find inner node EnterprisePak for hierarchical cache Hierarchy.
[2019.12.06-17.03.02:384][  0]LogDerivedDataCache: Using Local data cache path C:/Users/Ricardo/AppData/Local/UnrealEngine/Common/DerivedDataCache: Writable
[2019.12.06-17.03.02:385][  0]LogDerivedDataCache: Shared data cache path not found in *engine.ini, will not use an Shared cache.
[2019.12.06-17.03.02:385][  0]LogDerivedDataCache: Unable to find inner node Shared for hierarchical cache Hierarchy.
[2019.12.06-17.03.02:522][  0]LogMaterial: Verifying Global Shaders for PCD3D_SM5
[2019.12.06-17.03.02:528][  0]LogSlate: Using FreeType 2.6.0
[2019.12.06-17.03.02:531][  0]LogSlate: SlateFontServices - WITH_FREETYPE: 1, WITH_HARFBUZZ: 1
[2019.12.06-17.03.02:891][  0]LogAssetRegistry: FAssetRegistry took 0.1083 seconds to start up
[2019.12.06-17.03.04:535][  0]LogInit: Selected Device Profile: [Windows]
[2019.12.06-17.03.05:217][  0]LogMeshReduction: Using QuadricMeshReduction for automatic static mesh reduction
[2019.12.06-17.03.05:217][  0]LogMeshReduction: Using SimplygonMeshReduction for automatic skeletal mesh reduction
[2019.12.06-17.03.05:218][  0]LogMeshReduction: Using ProxyLODMeshReduction for automatic mesh merging
[2019.12.06-17.03.05:218][  0]LogMeshReduction: No distributed automatic mesh merging module available
[2019.12.06-17.03.05:218][  0]LogMeshMerging: No distributed automatic mesh merging module available
[2019.12.06-17.03.05:267][  0]LogNetVersion: ThirdPersonShooter 1.0.0, NetCL: 5660361, EngineNetVer: 10, GameNetVer: 0 (Checksum: 947051492)
[2019.12.06-17.03.07:276][  0]LogPackageLocalizationCache: Processed 10 localized package path(s) for 1 prioritized culture(s) in 0.130834 seconds
[2019.12.06-17.03.07:300][  0]LogUObjectArray: 42205 objects as part of root set at end of initial load.
[2019.12.06-17.03.07:300][  0]LogUObjectAllocator: 7325032 out of 0 bytes used by permanent object pool.
[2019.12.06-17.03.07:301][  0]LogUObjectArray: CloseDisregardForGC: 0/0 objects in disregard for GC pool
[2019.12.06-17.03.11:392][  0]LogTcpMessaging: Initializing TcpMessaging bridge
[2019.12.06-17.03.11:425][  0]LogUdpMessaging: Initializing bridge on interface 0.0.0.0:0 to multicast group 230.0.0.1:6666.
[2019.12.06-17.03.11:920][  0]SourceControl: Source control is disabled
[2019.12.06-17.03.11:921][  0]SourceControl: Source control is disabled
[2019.12.06-17.03.11:933][  0]SourceControl: Source control is disabled
[2019.12.06-17.03.11:946][  0]SourceControl: Source control is disabled
[2019.12.06-17.03.12:696][  0]LogAndroidPermission: UAndroidPermissionCallbackProxy::GetInstance
[2019.12.06-17.03.13:328][  0]LogOcInput: OculusInput pre-init called
[2019.12.06-17.03.15:888][  0]LogTemp: IOS device listing is disabled (to many failed attempts)!
[2019.12.06-17.03.16:340][  0]LogEngine: Initializing Engine...
[2019.12.06-17.03.16:603][  0]LogHMD: Failed to initialize OpenVR with code 108
[2019.12.06-17.03.16:609][  0]LogStats: UGameplayTagsManager::InitializeManager -  0.001 s
[2019.12.06-17.03.17:683][  0]LogInit: Initializing FReadOnlyCVARCache
[2019.12.06-17.03.17:749][  0]LogAIModule: Creating AISystem for world Untitled
[2019.12.06-17.03.18:081][  0]LogInit: XAudio2 using 'Speakers / Headphones (Realtek Audio)' : 2 channels at 48 kHz using 32 bits per sample (channel mask 0x3)
[2019.12.06-17.03.18:401][  0]LogInit: FAudioDevice initialized.
[2019.12.06-17.03.18:402][  0]LogNetVersion: Set ProjectVersion to 1.0.0.0. Version Checksum will be recalculated on next use.
[2019.12.06-17.03.18:631][  0]LogDerivedDataCache: Saved boot cache 0.23s 71MB C:/Users/Ricardo/AppData/Local/UnrealEngine/4.22/DerivedDataCache/Boot.ddc.
[2019.12.06-17.03.18:673][  0]LogInit: Texture streaming: Enabled
[2019.12.06-17.03.18:752][  0]LogEngineSessionManager: EngineSessionManager initialized
[2019.12.06-17.03.18:812][  0]LogInit: Transaction tracking system initialized
[2019.12.06-17.03.18:921][  0]BlueprintLog: New page: Editor Load
[2019.12.06-17.03.19:311][  0]LocalizationService: Localization service is disabled
[2019.12.06-17.03.20:651][  0]LogFileCache: Scanning file cache for directory 'D:/Projects/GBC/05/GAME3003-ConsoleDev/gbc_game3003/Assignment678_RicardoShimodaNakasako/Content/' took 0.03s
[2019.12.06-17.03.20:652][  0]LogCook: Display: Max memory allowance for cook 16384mb min free memory 0mb
[2019.12.06-17.03.20:653][  0]LogCook: Display: Mobile HDR setting 1
[2019.12.06-17.03.21:664][  0]SourceControl: Source control is disabled
[2019.12.06-17.03.21:665][  0]Cmd: MAP LOAD FILE="../../../../../../Projects/GBC/05/GAME3003-ConsoleDev/gbc_game3003/Assignment678_RicardoShimodaNakasako/Content/Maps/TestLevel.umap" TEMPLATE=0 SHOWPROGRESS=1 FEATURELEVEL=3
[2019.12.06-17.03.21:667][  0]LightingResults: New page: Lighting Build
[2019.12.06-17.03.21:679][  0]MapCheck: New page: Map Check
[2019.12.06-17.03.21:681][  0]LightingResults: New page: Lighting Build
[2019.12.06-17.03.21:799][  0]LogUObjectHash: Compacting FUObjectHashTables data took   7.94ms
[2019.12.06-17.03.24:161][  0]LogAIModule: Creating AISystem for world TestLevel
[2019.12.06-17.03.24:340][  0]LogEditorServer: Finished looking for orphan Actors (0.000 secs)
[2019.12.06-17.03.24:472][  0]LogUObjectHash: Compacting FUObjectHashTables data took   8.78ms
[2019.12.06-17.03.24:472][  0]Cmd: MAP CHECKDEP NOCLEARLOG
[2019.12.06-17.03.24:473][  0]MapCheck: Map check complete: 0 Error(s), 0 Warning(s), took 0.39ms to complete.
[2019.12.06-17.03.24:473][  0]LogFileHelpers: Loading map 'TestLevel' took 2.809
[2019.12.06-17.03.24:844][  0]LogSlate: Updating window title bar state: overlay mode, drag disabled, window buttons hidden, title bar hidden
[2019.12.06-17.03.24:881][  0]LogSlate: Updating window title bar state: overlay mode, drag disabled, window buttons hidden, title bar hidden
[2019.12.06-17.03.24:921][  0]LogSlate: Updating window title bar state: overlay mode, drag disabled, window buttons hidden, title bar hidden
[2019.12.06-17.03.24:960][  0]LogSlate: Updating window title bar state: overlay mode, drag disabled, window buttons hidden, title bar hidden
[2019.12.06-17.03.24:985][  0]LogCollectionManager: Loaded 0 collections in 0.003458 seconds
[2019.12.06-17.03.25:019][  0]LogFileCache: Scanning file cache for directory 'D:/Projects/GBC/05/GAME3003-ConsoleDev/gbc_game3003/Assignment678_RicardoShimodaNakasako/Saved/Collections/' took 0.02s
[2019.12.06-17.03.25:019][  0]LogFileCache: Scanning file cache for directory 'D:/Projects/GBC/05/GAME3003-ConsoleDev/gbc_game3003/Assignment678_RicardoShimodaNakasako/Content/Developers/Ricardo/Collections/' took 0.00s
[2019.12.06-17.03.25:020][  0]LogFileCache: Scanning file cache for directory 'D:/Projects/GBC/05/GAME3003-ConsoleDev/gbc_game3003/Assignment678_RicardoShimodaNakasako/Content/Collections/' took 0.00s
[2019.12.06-17.03.25:020][  0]LogCollectionManager: Rebuilt the GUID cache for 0 collections in 0.000001 seconds
[2019.12.06-17.03.25:069][  0]LogContentBrowser: Native class hierarchy populated in 0.0473 seconds. Added 2747 classes and 663 folders.
[2019.12.06-17.03.25:097][  0]LogContentBrowser: Native class hierarchy updated for 'WidgetCarousel' in 0.0011 seconds. Added 0 classes and 0 folders.
[2019.12.06-17.03.25:102][  0]LogPakFile: Registered encryption key '00000000000000000000000000000000': 0 pak files mounted, 0 remain pending
[2019.12.06-17.03.25:106][  0]LogPakFile: Registered encryption key '00000000000000000000000000000000': 0 pak files mounted, 0 remain pending
[2019.12.06-17.03.25:108][  0]LogPakFile: Registered encryption key '00000000000000000000000000000000': 0 pak files mounted, 0 remain pending
[2019.12.06-17.03.25:109][  0]LogPakFile: Registered encryption key '00000000000000000000000000000000': 0 pak files mounted, 0 remain pending
[2019.12.06-17.03.25:111][  0]LogPakFile: Registered encryption key '00000000000000000000000000000000': 0 pak files mounted, 0 remain pending
[2019.12.06-17.03.25:113][  0]LogPakFile: Registered encryption key '00000000000000000000000000000000': 0 pak files mounted, 0 remain pending
[2019.12.06-17.03.25:115][  0]LogPakFile: Registered encryption key '00000000000000000000000000000000': 0 pak files mounted, 0 remain pending
[2019.12.06-17.03.25:117][  0]LogPakFile: Registered encryption key '00000000000000000000000000000000': 0 pak files mounted, 0 remain pending
[2019.12.06-17.03.25:119][  0]LogPakFile: Registered encryption key '00000000000000000000000000000000': 0 pak files mounted, 0 remain pending
[2019.12.06-17.03.25:121][  0]LogPakFile: Registered encryption key '00000000000000000000000000000000': 0 pak files mounted, 0 remain pending
[2019.12.06-17.03.25:123][  0]LogPakFile: Registered encryption key '00000000000000000000000000000000': 0 pak files mounted, 0 remain pending
[2019.12.06-17.03.25:126][  0]LogPakFile: Registered encryption key '00000000000000000000000000000000': 0 pak files mounted, 0 remain pending
[2019.12.06-17.03.25:128][  0]LogPakFile: Registered encryption key '00000000000000000000000000000000': 0 pak files mounted, 0 remain pending
[2019.12.06-17.03.25:130][  0]LogPakFile: Registered encryption key '00000000000000000000000000000000': 0 pak files mounted, 0 remain pending
[2019.12.06-17.03.25:131][  0]LogPakFile: Registered encryption key '00000000000000000000000000000000': 0 pak files mounted, 0 remain pending
[2019.12.06-17.03.25:133][  0]LogPakFile: Registered encryption key '00000000000000000000000000000000': 0 pak files mounted, 0 remain pending
[2019.12.06-17.03.25:136][  0]LogPakFile: Registered encryption key '00000000000000000000000000000000': 0 pak files mounted, 0 remain pending
[2019.12.06-17.03.25:138][  0]LogPakFile: Registered encryption key '00000000000000000000000000000000': 0 pak files mounted, 0 remain pending
[2019.12.06-17.03.25:140][  0]LogPakFile: Registered encryption key '00000000000000000000000000000000': 0 pak files mounted, 0 remain pending
[2019.12.06-17.03.25:142][  0]LogPakFile: Registered encryption key '00000000000000000000000000000000': 0 pak files mounted, 0 remain pending
[2019.12.06-17.03.25:145][  0]LogPakFile: Registered encryption key '00000000000000000000000000000000': 0 pak files mounted, 0 remain pending
[2019.12.06-17.03.25:147][  0]LogPakFile: Registered encryption key '00000000000000000000000000000000': 0 pak files mounted, 0 remain pending
[2019.12.06-17.03.25:149][  0]LogPakFile: Registered encryption key '00000000000000000000000000000000': 0 pak files mounted, 0 remain pending
[2019.12.06-17.03.25:152][  0]LogPakFile: Registered encryption key '00000000000000000000000000000000': 0 pak files mounted, 0 remain pending
[2019.12.06-17.03.25:154][  0]LogPakFile: Registered encryption key '00000000000000000000000000000000': 0 pak files mounted, 0 remain pending
[2019.12.06-17.03.25:156][  0]LogPakFile: Registered encryption key '00000000000000000000000000000000': 0 pak files mounted, 0 remain pending
[2019.12.06-17.03.25:271][  0]LogContentBrowser: Native class hierarchy updated for 'AddContentDialog' in 0.0015 seconds. Added 0 classes and 0 folders.
[2019.12.06-17.03.25:307][  0]LogContentBrowser: Native class hierarchy updated for 'SceneOutliner' in 0.0016 seconds. Added 1 classes and 2 folders.
[2019.12.06-17.03.25:365][  0]LogSlate: Took 0.000451 seconds to synchronously load lazily loaded font '../../../Engine/Content/Slate/Fonts/Roboto-Regular.ttf' (155K)
[2019.12.06-17.03.25:377][  0]LogSlate: Took 0.000563 seconds to synchronously load lazily loaded font '../../../Engine/Content/Slate/Fonts/Roboto-Bold.ttf' (160K)
[2019.12.06-17.03.25:399][  0]LogSlate: Took 0.000419 seconds to synchronously load lazily loaded font '../../../Engine/Content/Editor/Slate/Fonts/FontAwesome.ttf' (139K)
[2019.12.06-17.03.25:707][  0]LogRenderer: Reallocating scene render targets to support 1208x544 Format 10 NumSamples 1 (Frame:1).
[2019.12.06-17.03.26:050][  0]LogSlate: Took 0.000443 seconds to synchronously load lazily loaded font '../../../Engine/Content/Slate/Fonts/Roboto-Light.ttf' (167K)
[2019.12.06-17.03.26:441][  0]LogContentBrowser: Native class hierarchy updated for 'HierarchicalLODOutliner' in 0.0013 seconds. Added 0 classes and 0 folders.
[2019.12.06-17.03.26:442][  0]LogLoad: (Engine Initialization) Total time: 48.25 seconds
[2019.12.06-17.03.26:442][  0]LogLoad: (Engine Initialization) Total Blueprint compile time: 0.00 seconds
[2019.12.06-17.03.26:539][  0]LogContentStreaming: Texture pool size now 1000 MB
[2019.12.06-17.03.26:834][  2]LogAssetRegistry: Asset discovery search completed in 23.9741 seconds
[2019.12.06-17.03.26:848][  2]LogCollectionManager: Rebuilt the object cache for 0 collections in 0.000001 seconds (found 0 objects)
[2019.12.06-17.03.26:849][  2]LogCollectionManager: Fixed up redirectors for 0 collections in 0.000700 seconds (updated 0 objects)
[2019.12.06-17.07.58:275][851]LogSlate: FSceneViewport::OnFocusLost() reason 0
[2019.12.06-17.07.58:541][859]LogUObjectHash: Compacting FUObjectHashTables data took   3.63ms
[2019.12.06-17.07.58:978][859]LogSlate: Window 'ThirdPersonShooter - Unreal Editor' being destroyed
[2019.12.06-17.07.58:981][859]LogWindowsTextInputMethodSystem: Display: IME system now deactivated.
[2019.12.06-17.07.59:550][860]Cmd: QUIT_EDITOR
[2019.12.06-17.07.59:702][860]LogExit: Preparing to exit.
[2019.12.06-17.08.00:394][860]LogExit: Editor shut down
[2019.12.06-17.08.00:396][860]LogExit: Transaction tracking system shut down
[2019.12.06-17.08.00:800][860]LogExit: Object subsystem successfully closed.
[2019.12.06-17.08.00:909][860]LogShaderCompilers: Display: Shaders left to compile 0
[2019.12.06-17.08.00:925][860]LogD3D11RHI: Shutdown
[2019.12.06-17.08.00:926][860]LogD3D11RHI: CleanupD3DDevice
[2019.12.06-17.08.00:928][860]LogRendererCore: FGlobalReadBuffer::ReleaseRHI
[2019.12.06-17.08.00:929][860]LogRendererCore: FGlobalDynamicReadBuffer::Cleanup()
[2019.12.06-17.08.00:929][860]LogRendererCore: FGlobalReadBuffer::ReleaseRHI
[2019.12.06-17.08.00:930][860]LogRendererCore: FGlobalDynamicReadBuffer::Cleanup()
[2019.12.06-17.08.00:930][860]LogRendererCore: FGlobalReadBuffer::ReleaseRHI
[2019.12.06-17.08.00:930][860]LogRendererCore: FGlobalDynamicReadBuffer::Cleanup()
[2019.12.06-17.08.01:280][860]LogD3D11RHI: ~FD3D11DynamicRHI
[2019.12.06-17.08.01:373][860]LogModuleManager: Shutting down and abandoning module HierarchicalLODOutliner (646)
[2019.12.06-17.08.01:373][860]LogModuleManager: Shutting down and abandoning module SceneOutliner (644)
[2019.12.06-17.08.01:373][860]LogModuleManager: Shutting down and abandoning module AddContentDialog (642)
[2019.12.06-17.08.01:376][860]LogModuleManager: Shutting down and abandoning module WidgetCarousel (641)
[2019.12.06-17.08.01:376][860]LogModuleManager: Shutting down and abandoning module EditorWidgets (638)
[2019.12.06-17.08.01:377][860]LogModuleManager: Shutting down and abandoning module CollectionManager (636)
[2019.12.06-17.08.01:378][860]LogModuleManager: Shutting down and abandoning module StatsViewer (634)
[2019.12.06-17.08.01:379][860]LogModuleManager: Shutting down and abandoning module FoliageEdit (632)
[2019.12.06-17.08.01:379][860]LogModuleManager: Shutting down and abandoning module LandscapeEditor (630)
[2019.12.06-17.08.01:380][860]LogModuleManager: Shutting down and abandoning module MeshPaintMode (628)
[2019.12.06-17.08.01:380][860]LogModuleManager: Shutting down and abandoning module SceneDepthPickerMode (626)
[2019.12.06-17.08.01:381][860]LogModuleManager: Shutting down and abandoning module ActorPickerMode (624)
[2019.12.06-17.08.01:381][860]LogModuleManager: Shutting down and abandoning module GeometryMode (622)
[2019.12.06-17.08.01:381][860]LogModuleManager: Shutting down and abandoning module TextureAlignMode (620)
[2019.12.06-17.08.01:382][860]LogModuleManager: Shutting down and abandoning module BspMode (618)
[2019.12.06-17.08.01:382][860]LogModuleManager: Shutting down and abandoning module PIEPreviewDeviceProfileSelector (616)
[2019.12.06-17.08.01:382][860]LogModuleManager: Shutting down and abandoning module SequenceRecorderSections (614)
[2019.12.06-17.08.01:383][860]LogModuleManager: Shutting down and abandoning module AutomationWorker (612)
[2019.12.06-17.08.01:383][860]LogModuleManager: Shutting down and abandoning module OculusMR (610)
[2019.12.06-17.08.01:384][860]LogModuleManager: Shutting down and abandoning module AudioCaptureEditor (608)
[2019.12.06-17.08.01:384][860]LogModuleManager: Shutting down and abandoning module MatineeToLevelSequence (606)
[2019.12.06-17.08.01:384][860]LogModuleManager: Shutting down and abandoning module LevelSequenceEditor (604)
[2019.12.06-17.08.01:385][860]LogModuleManager: Shutting down and abandoning module PlacementMode (603)
[2019.12.06-17.08.01:386][860]LogModuleManager: Shutting down and abandoning module MaterialEditor (602)
[2019.12.06-17.08.01:386][860]LogModuleManager: Shutting down and abandoning module ActorSequenceEditor (598)
[2019.12.06-17.08.01:387][860]LogModuleManager: Shutting down and abandoning module WmfMediaFactory (596)
[2019.12.06-17.08.01:388][860]LogModuleManager: Shutting down and abandoning module WmfMediaEditor (594)
[2019.12.06-17.08.01:388][860]LogModuleManager: Shutting down and abandoning module WebMMediaFactory (592)
[2019.12.06-17.08.01:390][860]LogModuleManager: Shutting down and abandoning module WebMMediaEditor (590)
[2019.12.06-17.08.01:392][860]LogModuleManager: Shutting down and abandoning module WebMMedia (588)
[2019.12.06-17.08.01:393][860]LogModuleManager: Shutting down and abandoning module MediaPlayerEditor (586)
[2019.12.06-17.08.01:394][860]LogModuleManager: Shutting down and abandoning module MediaCompositingEditor (584)
[2019.12.06-17.08.01:395][860]LogModuleManager: Shutting down and abandoning module SequenceRecorder (583)
[2019.12.06-17.08.01:395][860]LogModuleManager: Shutting down and abandoning module OpenExrWrapper (580)
[2019.12.06-17.08.01:396][860]LogModuleManager: Shutting down and abandoning module ImgMediaFactory (578)
[2019.12.06-17.08.01:396][860]LogModuleManager: Shutting down and abandoning module ImgMediaEditor (576)
[2019.12.06-17.08.01:396][860]LogModuleManager: Shutting down and abandoning module AvfMediaFactory (574)
[2019.12.06-17.08.01:397][860]LogModuleManager: Shutting down and abandoning module AvfMediaEditor (572)
[2019.12.06-17.08.01:397][860]LogModuleManager: Shutting down and abandoning module AndroidMediaFactory (570)
[2019.12.06-17.08.01:398][860]LogModuleManager: Shutting down and abandoning module AndroidMediaEditor (568)
[2019.12.06-17.08.01:398][860]LogModuleManager: Shutting down and abandoning module MagicLeapCameraPreviewFactory (566)
[2019.12.06-17.08.01:398][860]LogModuleManager: Shutting down and abandoning module MagicLeapMediaCodecFactory (564)
[2019.12.06-17.08.01:399][860]LogModuleManager: Shutting down and abandoning module MagicLeapMediaFactory (562)
[2019.12.06-17.08.01:399][860]LogModuleManager: Shutting down and abandoning module MagicLeapMediaEditor (560)
[2019.12.06-17.08.01:400][860]LogModuleManager: Shutting down and abandoning module CharacterAI (558)
[2019.12.06-17.08.01:400][860]LogModuleManager: Shutting down and abandoning module SmartSnapping (556)
[2019.12.06-17.08.01:400][860]LogModuleManager: Shutting down and abandoning module SessionServices (554)
[2019.12.06-17.08.01:401][860]LogModuleManager: Shutting down and abandoning module MeshPaint (552)
[2019.12.06-17.08.01:402][860]LogModuleManager: Shutting down and abandoning module ViewportSnapping (550)
[2019.12.06-17.08.01:402][860]LogModuleManager: Shutting down and abandoning module ViewportInteraction (548)
[2019.12.06-17.08.01:403][860]LogModuleManager: Shutting down and abandoning module ClothPainter (546)
[2019.12.06-17.08.01:403][860]LogModuleManager: Shutting down and abandoning module SkeletalMeshEditor (545)
[2019.12.06-17.08.01:403][860]LogModuleManager: Shutting down and abandoning module LogVisualizer (542)
[2019.12.06-17.08.01:404][860]LogModuleManager: Shutting down and abandoning module IntroTutorials (540)
[2019.12.06-17.08.01:404][860]LogModuleManager: Shutting down and abandoning module GameProjectGeneration (539)
[2019.12.06-17.08.01:406][860]LogModuleManager: Shutting down and abandoning module LuminPlatformEditor (536)
[2019.12.06-17.08.01:408][860]LogModuleManager: Shutting down and abandoning module IOSPlatformEditor (534)
[2019.12.06-17.08.01:408][860]LogModuleManager: Shutting down and abandoning module HTML5PlatformEditor (532)
[2019.12.06-17.08.01:409][860]LogModuleManager: Shutting down and abandoning module AndroidPlatformEditor (530)
[2019.12.06-17.08.01:412][860]LogModuleManager: Shutting down and abandoning module AndroidDeviceDetection (529)
[2019.12.06-17.08.02:477][860]LogModuleManager: Shutting down and abandoning module WindowsPlatformEditor (526)
[2019.12.06-17.08.02:478][860]LogModuleManager: Shutting down and abandoning module LuminRuntimeSettings (524)
[2019.12.06-17.08.02:478][860]LogModuleManager: Shutting down and abandoning module IOSRuntimeSettings (522)
[2019.12.06-17.08.02:478][860]LogModuleManager: Shutting down and abandoning module AndroidRuntimeSettings (520)
[2019.12.06-17.08.02:478][860]LogModuleManager: Shutting down and abandoning module TimeManagementEditor (518)
[2019.12.06-17.08.02:479][860]LogModuleManager: Shutting down and abandoning module InputBindingEditor (516)
[2019.12.06-17.08.02:479][860]LogModuleManager: Shutting down and abandoning module MergeActors (514)
[2019.12.06-17.08.02:479][860]LogModuleManager: Shutting down and abandoning module LocalizationDashboard (512)
[2019.12.06-17.08.02:480][860]LogModuleManager: Shutting down and abandoning module LocalizationService (511)
[2019.12.06-17.08.02:480][860]LogModuleManager: Shutting down and abandoning module HardwareTargeting (508)
[2019.12.06-17.08.02:480][860]LogModuleManager: Shutting down and abandoning module DeviceProfileEditor (506)
[2019.12.06-17.08.02:480][860]LogModuleManager: Shutting down and abandoning module UndoHistory (504)
[2019.12.06-17.08.02:481][860]LogModuleManager: Shutting down and abandoning module XmlParser (502)
[2019.12.06-17.08.02:481][860]LogModuleManager: Shutting down and abandoning module Blutility (500)
[2019.12.06-17.08.02:481][860]LogModuleManager: Shutting down and abandoning module ProjectSettingsViewer (498)
[2019.12.06-17.08.02:482][860]LogModuleManager: Shutting down and abandoning module ProjectTargetPlatformEditor (497)
[2019.12.06-17.08.02:482][860]LogModuleManager: Shutting down and abandoning module EditorSettingsViewer (494)
[2019.12.06-17.08.02:482][860]LogModuleManager: Shutting down and abandoning module SettingsEditor (492)
[2019.12.06-17.08.02:483][860]LogModuleManager: Shutting down and abandoning module ProjectLauncher (490)
[2019.12.06-17.08.02:483][860]LogModuleManager: Shutting down and abandoning module SessionFrontend (488)
[2019.12.06-17.08.02:483][860]LogModuleManager: Shutting down and abandoning module ProfilerClient (486)
[2019.12.06-17.08.02:484][860]LogModuleManager: Shutting down and abandoning module DeviceManager (484)
[2019.12.06-17.08.02:484][860]LogModuleManager: Shutting down and abandoning module TargetDeviceServices (483)
[2019.12.06-17.08.02:528][860]LogModuleManager: Shutting down and abandoning module AutomationController (480)
[2019.12.06-17.08.02:528][860]LogModuleManager: Shutting down and abandoning module AutomationWindow (478)
[2019.12.06-17.08.02:528][860]LogModuleManager: Shutting down and abandoning module Layers (476)
[2019.12.06-17.08.02:529][860]LogModuleManager: Shutting down and abandoning module ComponentVisualizers (474)
[2019.12.06-17.08.02:529][860]LogModuleManager: Shutting down and abandoning module DetailCustomizations (472)
[2019.12.06-17.08.02:529][860]LogModuleManager: Shutting down and abandoning module PackagesDialog (470)
[2019.12.06-17.08.02:530][860]LogModuleManager: Shutting down and abandoning module AnimationBlueprintEditor (468)
[2019.12.06-17.08.02:530][860]LogModuleManager: Shutting down and abandoning module Persona (466)
[2019.12.06-17.08.02:530][860]LogModuleManager: Shutting down and abandoning module AdvancedPreviewScene (465)
[2019.12.06-17.08.02:531][860]LogModuleManager: Shutting down and abandoning module AnimGraph (463)
[2019.12.06-17.08.02:531][860]LogModuleManager: Shutting down and abandoning module Kismet (460)
[2019.12.06-17.08.02:532][860]LogModuleManager: Shutting down and abandoning module GraphEditor (458)
[2019.12.06-17.08.02:533][860]LogModuleManager: Shutting down and abandoning module ClassViewer (456)
[2019.12.06-17.08.02:533][860]LogModuleManager: Shutting down and abandoning module Toolbox (454)
[2019.12.06-17.08.02:534][860]LogModuleManager: Shutting down and abandoning module DesktopPlatform (453)
[2019.12.06-17.08.02:534][860]LogModuleManager: Shutting down and abandoning module ModuleUI (450)
[2019.12.06-17.08.02:534][860]LogModuleManager: Shutting down and abandoning module MovieSceneTools (448)
[2019.12.06-17.08.02:535][860]LogModuleManager: Shutting down and abandoning module OutputLog (446)
[2019.12.06-17.08.02:535][860]LogModuleManager: Shutting down and abandoning module GammaUI (444)
[2019.12.06-17.08.02:535][860]LogModuleManager: Shutting down and abandoning module Documentation (442)
[2019.12.06-17.08.02:536][860]LogModuleManager: Shutting down and abandoning module LiveCoding (440)
[2019.12.06-17.08.02:536][860]LogModuleManager: Shutting down and abandoning module LevelSequence (438)
[2019.12.06-17.08.02:537][860]LogModuleManager: Shutting down and abandoning module MovieSceneTracks (436)
[2019.12.06-17.08.02:537][860]LogModuleManager: Shutting down and abandoning module MovieScene (434)
[2019.12.06-17.08.02:537][860]LogModuleManager: Shutting down and abandoning module StreamingPauseRendering (432)
[2019.12.06-17.08.02:537][860]LogModuleManager: Shutting down and abandoning module LauncherPlatform (430)
[2019.12.06-17.08.02:538][860]LogModuleManager: Shutting down and abandoning module AnalyticsET (428)
[2019.12.06-17.08.02:538][860]LogModuleManager: Shutting down and abandoning module PortalServices (426)
[2019.12.06-17.08.02:538][860]LogModuleManager: Shutting down and abandoning module PortalRpc (424)
[2019.12.06-17.08.02:539][860]LogModuleManager: Shutting down and abandoning module MessagingRpc (422)
[2019.12.06-17.08.02:539][860]LogModuleManager: Shutting down and abandoning module AIModule (420)
[2019.12.06-17.08.02:539][860]LogModuleManager: Shutting down and abandoning module GameplayDebugger (419)
[2019.12.06-17.08.02:540][860]LogModuleManager: Shutting down and abandoning module AITestSuite (417)
[2019.12.06-17.08.02:540][860]LogModuleManager: Shutting down and abandoning module NavigationSystem (415)
[2019.12.06-17.08.02:541][860]LogModuleManager: Shutting down and abandoning module ImageWriteQueue (412)
[2019.12.06-17.08.02:568][860]LogModuleManager: Shutting down and abandoning module ProfilerService (410)
[2019.12.06-17.08.03:055][860]LogModuleManager: Shutting down and abandoning module TaskGraph (408)
[2019.12.06-17.08.03:055][860]LogModuleManager: Shutting down and abandoning module SteamVRController (406)
[2019.12.06-17.08.03:056][860]LogModuleManager: Shutting down and abandoning module ProceduralMeshComponentEditor (404)
[2019.12.06-17.08.03:057][860]LogModuleManager: Shutting down and abandoning module ProceduralMeshComponent (402)
[2019.12.06-17.08.03:058][860]LogModuleManager: Shutting down and abandoning module OculusEditor (400)
[2019.12.06-17.08.03:061][860]LogModuleManager: Shutting down and abandoning module OculusInput (398)
[2019.12.06-17.08.03:062][860]LogModuleManager: Shutting down and abandoning module MobilePatchingUtils (396)
[2019.12.06-17.08.03:063][860]LogModuleManager: Shutting down and abandoning module EditableMesh (394)
[2019.12.06-17.08.03:064][860]LogModuleManager: Shutting down and abandoning module CustomMeshComponent (392)
[2019.12.06-17.08.03:064][860]LogModuleManager: Shutting down and abandoning module CableComponent (390)
[2019.12.06-17.08.03:065][860]LogModuleManager: Shutting down and abandoning module AudioCapture (388)
[2019.12.06-17.08.03:066][860]LogModuleManager: Shutting down and abandoning module ArchVisCharacter (386)
[2019.12.06-17.08.03:066][860]LogModuleManager: Shutting down and abandoning module AndroidPermission (384)
[2019.12.06-17.08.03:066][860]LogModuleManager: Shutting down and abandoning module NUTUnrealEngine4 (382)
[2019.12.06-17.08.03:067][860]LogModuleManager: Shutting down and abandoning module NetcodeUnitTest (380)
[2019.12.06-17.08.03:068][860]LogModuleManager: Shutting down and abandoning module MediaCompositing (378)
[2019.12.06-17.08.03:068][860]LogModuleManager: Shutting down and abandoning module LinearTimecode (376)
[2019.12.06-17.08.03:069][860]LogModuleManager: Shutting down and abandoning module ImgMedia (374)
[2019.12.06-17.08.03:069][860]LogModuleManager: Shutting down and abandoning module MagicLeapHelperVulkan (372)
[2019.12.06-17.08.03:070][860]LogModuleManager: Shutting down and abandoning module MagicLeapHelperOpenGL (370)
[2019.12.06-17.08.03:070][860]LogModuleManager: Shutting down and abandoning module MagicLeapAudio (368)
[2019.12.06-17.08.03:071][860]LogModuleManager: Shutting down and abandoning module HTML5Networking (366)
[2019.12.06-17.08.03:071][860]LogModuleManager: Shutting down and abandoning module GeometryCacheTracks (364)
[2019.12.06-17.08.03:071][860]LogModuleManager: Shutting down and abandoning module GeometryCacheSequencer (362)
[2019.12.06-17.08.03:072][860]LogModuleManager: Shutting down and abandoning module BackChannel (360)
[2019.12.06-17.08.03:072][860]LogModuleManager: Shutting down and abandoning module AppleVision (358)
[2019.12.06-17.08.03:072][860]LogModuleManager: Shutting down and abandoning module AppleImageUtilsBlueprintSupport (356)
[2019.12.06-17.08.03:073][860]LogModuleManager: Shutting down and abandoning module AppleImageUtils (354)
[2019.12.06-17.08.03:073][860]LogModuleManager: Shutting down and abandoning module AlembicImporter (352)
[2019.12.06-17.08.03:073][860]LogModuleManager: Shutting down and abandoning module AlembicLibrary (351)
[2019.12.06-17.08.03:074][860]LogModuleManager: Shutting down and abandoning module GeometryCache (350)
[2019.12.06-17.08.03:074][860]LogModuleManager: Shutting down and abandoning module GeometryCacheEd (349)
[2019.12.06-17.08.03:075][860]LogModuleManager: Shutting down and abandoning module VariantManagerContent (344)
[2019.12.06-17.08.03:075][860]LogModuleManager: Shutting down and abandoning module DatasmithContentEditor (342)
[2019.12.06-17.08.03:075][860]LogModuleManager: Shutting down and abandoning module SpeedTreeImporter (340)
[2019.12.06-17.08.03:077][860]LogModuleManager: Shutting down and abandoning module PluginBrowser (338)
[2019.12.06-17.08.03:078][860]LogModuleManager: Shutting down and abandoning module MobileLauncherProfileWizard (336)
[2019.12.06-17.08.03:079][860]LogModuleManager: Shutting down and abandoning module MaterialAnalyzer (334)
[2019.12.06-17.08.03:080][860]LogModuleManager: Shutting down and abandoning module CryptoKeysOpenSSL (332)
[2019.12.06-17.08.03:080][860]LogModuleManager: Shutting down and abandoning module CryptoKeys (330)
[2019.12.06-17.08.03:080][860]LogModuleManager: Shutting down and abandoning module VisualStudioSourceCodeAccess (328)
[2019.12.06-17.08.03:080][860]LogModuleManager: Shutting down and abandoning module VisualStudioCodeSourceCodeAccess (326)
[2019.12.06-17.08.03:081][860]LogModuleManager: Shutting down and abandoning module UObjectPlugin (324)
[2019.12.06-17.08.03:081][860]LogModuleManager: Shutting down and abandoning module SubversionSourceControl (322)
[2019.12.06-17.08.03:082][860]LogModuleManager: Shutting down and abandoning module PerforceSourceControl (320)
[2019.12.06-17.08.03:082][860]LogModuleManager: Shutting down and abandoning module GitSourceControl (318)
[2019.12.06-17.08.03:082][860]LogModuleManager: Shutting down and abandoning module SourceControl (317)
[2019.12.06-17.08.03:083][860]LogModuleManager: Shutting down and abandoning module CLionSourceCodeAccess (314)
[2019.12.06-17.08.03:083][860]LogModuleManager: Shutting down and abandoning module AnimationSharingEd (312)
[2019.12.06-17.08.03:083][860]LogModuleManager: Shutting down and abandoning module ActorLayerUtilitiesEditor (310)
[2019.12.06-17.08.03:084][860]LogModuleManager: Shutting down and abandoning module ActorLayerUtilities (308)
[2019.12.06-17.08.03:084][860]LogModuleManager: Shutting down and abandoning module LightPropagationVolumeEditor (306)
[2019.12.06-17.08.03:084][860]LogModuleManager: Shutting down and abandoning module PaperTiledImporter (304)
[2019.12.06-17.08.03:085][860]LogModuleManager: Shutting down and abandoning module PaperSpriteSheetImporter (302)
[2019.12.06-17.08.03:085][860]LogModuleManager: Shutting down and abandoning module Paper2DEditor (300)
[2019.12.06-17.08.03:086][860]LogModuleManager: Shutting down and abandoning module ThirdPersonShooter (298)
[2019.12.06-17.08.03:086][860]LogModuleManager: Shutting down and abandoning module SignificanceManager (296)
[2019.12.06-17.08.03:086][860]LogModuleManager: Shutting down and abandoning module RuntimePhysXCooking (294)
[2019.12.06-17.08.03:087][860]LogModuleManager: Shutting down and abandoning module PhysXVehiclesEditor (292)
[2019.12.06-17.08.03:087][860]LogModuleManager: Shutting down and abandoning module PhysXVehicles (290)
[2019.12.06-17.08.03:087][860]LogModuleManager: Shutting down and abandoning module LocationServicesBPLibrary (288)
[2019.12.06-17.08.03:088][860]LogModuleManager: Shutting down and abandoning module ActorSequence (286)
[2019.12.06-17.08.03:088][860]LogModuleManager: Shutting down and abandoning module UdpMessaging (284)
[2019.12.06-17.08.03:190][860]LogModuleManager: Shutting down and abandoning module TcpMessaging (282)
[2019.12.06-17.08.03:290][860]LogModuleManager: Shutting down and abandoning module MagicLeapIdentity (280)
[2019.12.06-17.08.03:290][860]LogModuleManager: Shutting down and abandoning module MagicLeapSecureStorage (278)
[2019.12.06-17.08.03:290][860]LogModuleManager: Shutting down and abandoning module MagicLeapHandTracking (276)
[2019.12.06-17.08.03:291][860]LogModuleManager: Shutting down and abandoning module MagicLeapEyeTracker (274)
[2019.12.06-17.08.03:291][860]LogModuleManager: Shutting down and abandoning module MagicLeapController (272)
[2019.12.06-17.08.03:292][860]LogSlate: Slate User Destroyed.  User Index 0, Is Virtual User: 0
[2019.12.06-17.08.03:293][860]LogModuleManager: Shutting down and abandoning module MagicLeapAR (270)
[2019.12.06-17.08.03:293][860]LogModuleManager: Shutting down and abandoning module AugmentedReality (269)
[2019.12.06-17.08.03:294][860]LogModuleManager: Shutting down and abandoning module GameplayTagsEditor (266)
[2019.12.06-17.08.03:294][860]LogModuleManager: Shutting down and abandoning module FacialAnimationEditor (264)
[2019.12.06-17.08.03:294][860]LogModuleManager: Shutting down and abandoning module FacialAnimation (262)
[2019.12.06-17.08.03:295][860]LogModuleManager: Shutting down and abandoning module DataValidation (260)
[2019.12.06-17.08.03:296][860]LogModuleManager: Shutting down and abandoning module AssetManagerEditor (258)
[2019.12.06-17.08.03:297][860]LogModuleManager: Shutting down and abandoning module LevelEditor (257)
[2019.12.06-17.08.03:301][860]LogModuleManager: Shutting down and abandoning module PixelInspectorModule (256)
[2019.12.06-17.08.03:302][860]LogModuleManager: Shutting down and abandoning module CommonMenuExtensions (254)
[2019.12.06-17.08.03:304][860]LogModuleManager: Shutting down and abandoning module MainFrame (252)
[2019.12.06-17.08.03:304][860]LogModuleManager: Shutting down and abandoning module HotReload (251)
[2019.12.06-17.08.03:306][860]LogModuleManager: Shutting down and abandoning module ContentBrowser (247)
[2019.12.06-17.08.03:311][860]LogModuleManager: Shutting down and abandoning module TreeMap (245)
[2019.12.06-17.08.03:312][860]LogModuleManager: Shutting down and abandoning module AnimationSharing (242)
[2019.12.06-17.08.03:312][860]LogModuleManager: Shutting down and abandoning module LightPropagationVolumeRuntime (240)
[2019.12.06-17.08.03:312][860]LogModuleManager: Shutting down and abandoning module AISupportModule (238)
[2019.12.06-17.08.03:313][860]LogModuleManager: Shutting down and abandoning module Paper2D (236)
[2019.12.06-17.08.03:313][860]LogModuleManager: Shutting down and abandoning module WindowsMoviePlayer (234)
[2019.12.06-17.08.03:313][860]LogModuleManager: Shutting down and abandoning module WebMMoviePlayer (232)
[2019.12.06-17.08.03:314][860]LogModuleManager: Shutting down and abandoning module PacketHandler (230)
[2019.12.06-17.08.03:314][860]LogModuleManager: Shutting down and abandoning module ClothingSystemEditor (228)
[2019.12.06-17.08.03:318][860]LogModuleManager: Shutting down and abandoning module ClothingSystemRuntime (226)
[2019.12.06-17.08.03:318][860]LogModuleManager: Shutting down and abandoning module MediaAssets (224)
[2019.12.06-17.08.03:319][860]LogModuleManager: Shutting down and abandoning module Overlay (222)
[2019.12.06-17.08.03:319][860]LogModuleManager: Shutting down and abandoning module OverlayEditor (221)
[2019.12.06-17.08.03:320][860]LogModuleManager: Shutting down and abandoning module EnvironmentQueryEditor (218)
[2019.12.06-17.08.03:320][860]LogModuleManager: Shutting down and abandoning module VREditor (216)
[2019.12.06-17.08.03:320][860]LogModuleManager: Shutting down and abandoning module StringTableEditor (214)
[2019.12.06-17.08.03:321][860]LogModuleManager: Shutting down and abandoning module GameplayTasksEditor (212)
[2019.12.06-17.08.03:321][860]LogModuleManager: Shutting down and abandoning module BehaviorTreeEditor (210)
[2019.12.06-17.08.03:322][860]LogModuleManager: Shutting down and abandoning module FunctionalTesting (208)
[2019.12.06-17.08.03:322][860]LogModuleManager: Shutting down and abandoning module CollisionAnalyzer (206)
[2019.12.06-17.08.03:322][860]LogModuleManager: Shutting down and abandoning module WorkspaceMenuStructure (205)
[2019.12.06-17.08.03:323][860]LogModuleManager: Shutting down and abandoning module UMG (202)
[2019.12.06-17.08.03:323][860]LogModuleManager: Shutting down and abandoning module UMGEditor (201)
[2019.12.06-17.08.03:324][860]LogModuleManager: Shutting down and abandoning module Sequencer (200)
[2019.12.06-17.08.03:325][860]LogModuleManager: Shutting down and abandoning module MessageLog (197)
[2019.12.06-17.08.03:327][860]LogModuleManager: Shutting down and abandoning module SlateReflector (192)
[2019.12.06-17.08.03:329][860]LogModuleManager: Shutting down and abandoning module Slate (190)
[2019.12.06-17.08.03:329][860]LogModuleManager: Shutting down and abandoning module EditorStyle (188)
[2019.12.06-17.08.03:337][860]LogModuleManager: Shutting down and abandoning module UnrealEd (186)
[2019.12.06-17.08.03:337][860]LogModuleManager: Shutting down and abandoning module MRMesh (184)
[2019.12.06-17.08.03:338][860]LogModuleManager: Shutting down and abandoning module SourceCodeAccess (182)
[2019.12.06-17.08.03:338][860]LogModuleManager: Shutting down and abandoning module HeadMountedDisplay (180)
[2019.12.06-17.08.03:338][860]LogModuleManager: Shutting down and abandoning module XAudio2 (178)
[2019.12.06-17.08.03:339][860]LogModuleManager: Shutting down and abandoning module Networking (176)
[2019.12.06-17.08.03:339][860]LogModuleManager: Shutting down and abandoning module Core (174)
[2019.12.06-17.08.03:342][860]LogModuleManager: Shutting down and abandoning module KismetCompiler (172)
[2019.12.06-17.08.03:343][860]LogModuleManager: Shutting down and abandoning module MeshUtilities (170)
[2019.12.06-17.08.03:344][860]LogModuleManager: Shutting down and abandoning module MeshMergeUtilities (169)
[2019.12.06-17.08.03:344][860]LogModuleManager: Shutting down and abandoning module MeshReductionInterface (168)
[2019.12.06-17.08.03:344][860]LogModuleManager: Shutting down and abandoning module SkeletalMeshReduction (167)
[2019.12.06-17.08.03:345][860]LogModuleManager: Shutting down and abandoning module ProxyLODMeshReduction (165)
[2019.12.06-17.08.03:345][860]LogModuleManager: Shutting down and abandoning module QuadricMeshReduction (163)
[2019.12.06-17.08.03:346][860]LogModuleManager: Shutting down and abandoning module MaterialBaking (159)
[2019.12.06-17.08.03:346][860]LogModuleManager: Shutting down and abandoning module DerivedDataCache (154)
[2019.12.06-17.08.03:422][860]LogDerivedDataCache: Shutdown
[2019.12.06-17.08.03:422][860]LogModuleManager: Shutting down and abandoning module XGEController (152)
[2019.12.06-17.08.03:424][860]LogXGEController: Cleaning working directory: C:/Users/Ricardo/AppData/Local/Temp/UnrealXGEWorkingDir/
[2019.12.06-17.08.03:430][860]LogModuleManager: Shutting down and abandoning module TargetPlatform (150)
[2019.12.06-17.08.03:430][860]LogModuleManager: Shutting down and abandoning module VulkanShaderFormat (149)
[2019.12.06-17.08.03:431][860]LogModuleManager: Shutting down and abandoning module ShaderFormatVectorVM (147)
[2019.12.06-17.08.03:431][860]LogModuleManager: Shutting down and abandoning module ShaderFormatOpenGL (145)
[2019.12.06-17.08.03:432][860]LogModuleManager: Shutting down and abandoning module ShaderFormatD3D (143)
[2019.12.06-17.08.03:433][860]LogModuleManager: Shutting down and abandoning module MetalShaderFormat (141)
[2019.12.06-17.08.03:434][860]LogModuleManager: Shutting down and abandoning module TextureFormatUncompressed (139)
[2019.12.06-17.08.03:435][860]LogModuleManager: Shutting down and abandoning module TextureFormatPVR (137)
[2019.12.06-17.08.03:436][860]LogModuleManager: Shutting down and abandoning module TextureFormatDXT (135)
[2019.12.06-17.08.03:437][860]LogModuleManager: Shutting down and abandoning module TextureFormatIntelISPCTexComp (133)
[2019.12.06-17.08.03:456][860]LogModuleManager: Shutting down and abandoning module TextureFormatASTC (131)
[2019.12.06-17.08.03:456][860]LogModuleManager: Shutting down and abandoning module ImageWrapper (130)
[2019.12.06-17.08.03:457][860]LogModuleManager: Shutting down and abandoning module TextureFormatAndroid (127)
[2019.12.06-17.08.03:457][860]LogModuleManager: Shutting down and abandoning module AudioFormatOpus (125)
[2019.12.06-17.08.03:457][860]LogModuleManager: Shutting down and abandoning module AudioFormatOgg (123)
[2019.12.06-17.08.03:459][860]LogModuleManager: Shutting down and abandoning module AudioFormatADPCM (121)
[2019.12.06-17.08.03:460][860]LogModuleManager: Shutting down and abandoning module LuminTargetPlatform (119)
[2019.12.06-17.08.03:467][860]LogModuleManager: Shutting down and abandoning module LinuxTargetPlatform (117)
[2019.12.06-17.08.03:468][860]LogModuleManager: Shutting down and abandoning module LinuxServerTargetPlatform (115)
[2019.12.06-17.08.03:468][860]LogModuleManager: Shutting down and abandoning module LinuxNoEditorTargetPlatform (113)
[2019.12.06-17.08.03:469][860]LogModuleManager: Shutting down and abandoning module LinuxClientTargetPlatform (111)
[2019.12.06-17.08.03:469][860]LogModuleManager: Shutting down and abandoning module TVOSTargetPlatform (109)
[2019.12.06-17.08.03:475][860]LogModuleManager: Shutting down and abandoning module Messaging (107)
[2019.12.06-17.08.03:475][860]LogModuleManager: Shutting down and abandoning module IOSTargetPlatform (105)
[2019.12.06-17.08.03:482][860]LogModuleManager: Shutting down and abandoning module HTML5TargetPlatform (103)
[2019.12.06-17.08.03:482][860]LogModuleManager: Shutting down and abandoning module AndroidTargetPlatform (101)
[2019.12.06-17.08.03:518][860]LogModuleManager: Shutting down and abandoning module WindowsTargetPlatform (99)
[2019.12.06-17.08.03:518][860]LogModuleManager: Shutting down and abandoning module WindowsServerTargetPlatform (97)
[2019.12.06-17.08.03:519][860]LogModuleManager: Shutting down and abandoning module WindowsNoEditorTargetPlatform (95)
[2019.12.06-17.08.03:519][860]LogModuleManager: Shutting down and abandoning module WindowsClientTargetPlatform (93)
[2019.12.06-17.08.03:519][860]LogModuleManager: Shutting down and abandoning module MacTargetPlatform (91)
[2019.12.06-17.08.03:520][860]LogModuleManager: Shutting down and abandoning module MacServerTargetPlatform (89)
[2019.12.06-17.08.03:520][860]LogModuleManager: Shutting down and abandoning module MacNoEditorTargetPlatform (87)
[2019.12.06-17.08.03:521][860]LogModuleManager: Shutting down and abandoning module MacClientTargetPlatform (85)
[2019.12.06-17.08.03:521][860]LogModuleManager: Shutting down and abandoning module AllDesktopTargetPlatform (83)
[2019.12.06-17.08.03:522][860]LogModuleManager: Shutting down and abandoning module InputCore (80)
[2019.12.06-17.08.03:522][860]LogModuleManager: Shutting down and abandoning module Settings (78)
[2019.12.06-17.08.03:523][860]LogModuleManager: Shutting down and abandoning module DirectoryWatcher (76)
[2019.12.06-17.08.03:523][860]LogModuleManager: Shutting down and abandoning module PhysXCooking (74)
[2019.12.06-17.08.03:524][860]LogModuleManager: Shutting down and abandoning module SteamVR (72)
[2019.12.06-17.08.03:524][860]LogHMD: Freeing OpenVRDLLHandle.
[2019.12.06-17.08.03:525][860]LogModuleManager: Shutting down and abandoning module OculusHMD (70)
[2019.12.06-17.08.03:525][860]LogModuleManager: Shutting down and abandoning module ExampleDeviceProfileSelector (68)
[2019.12.06-17.08.03:526][860]LogModuleManager: Shutting down and abandoning module LauncherChunkInstaller (66)
[2019.12.06-17.08.03:526][860]LogModuleManager: Shutting down and abandoning module OnlineBlueprintSupport (64)
[2019.12.06-17.08.03:528][860]LogModuleManager: Shutting down and abandoning module OnlineSubsystem (60)
[2019.12.06-17.08.03:548][860]LogModuleManager: Shutting down and abandoning module XMPP (55)
[2019.12.06-17.08.03:548][860]LogModuleManager: Shutting down and abandoning module WebSockets (54)
[2019.12.06-17.08.03:570][860]LogModuleManager: Shutting down and abandoning module HTTP (51)
[2019.12.06-17.08.03:571][860]LogHttp: Display: Http module shutting down, but needs to wait on 1 outstanding Http requests:
[2019.12.06-17.08.03:571][860]LogHttp: Display: 	verb=[POST] url=[https://datarouter.ol.epicgames.com/datarouter/api/v1/public/data?SessionID=%7BCAC48FD4-4165-FE44-7CAC-F395CB90DECF%7D&AppID=UEEditor.Rocket.Release&AppVersion=4.22.3-7053642%2B%2B%2BUE4%2BRelease-4.22&UserID=bb00d3ba4f476258457306b3da1d1180%7C63943e1c45fb4a9582beb3391ebc3cb2%7C9e531f8b-7708-4644-9976-62d7fabaf65a&AppEnvironment=datacollector-binary&UploadType=eteventstream] status=Processing
[2019.12.06-17.08.03:584][860]LogModuleManager: Shutting down and abandoning module SSL (50)
[2019.12.06-17.08.03:595][860]LogModuleManager: Shutting down and abandoning module WmfMedia (46)
[2019.12.06-17.08.03:612][860]LogModuleManager: Shutting down and abandoning module Media (45)
[2019.12.06-17.08.03:627][860]LogModuleManager: Shutting down and abandoning module MagicLeap (42)
[2019.12.06-17.08.03:628][860]LogModuleManager: Shutting down and abandoning module DatasmithContent (40)
[2019.12.06-17.08.03:630][860]LogModuleManager: Shutting down and abandoning module AnimationModifiers (38)
[2019.12.06-17.08.03:630][860]LogModuleManager: Shutting down and abandoning module PropertyEditor (37)
[2019.12.06-17.08.03:631][860]LogModuleManager: Shutting down and abandoning module AudioEditor (34)
[2019.12.06-17.08.03:638][860]LogModuleManager: Shutting down and abandoning module TextureCompressor (32)
[2019.12.06-17.08.03:643][860]LogModuleManager: Shutting down and abandoning module RenderCore (30)
[2019.12.06-17.08.03:644][860]LogModuleManager: Shutting down and abandoning module Landscape (28)
[2019.12.06-17.08.03:644][860]LogModuleManager: Shutting down and abandoning module SlateRHIRenderer (26)
[2019.12.06-17.08.03:646][860]LogModuleManager: Shutting down and abandoning module OpenGLDrv (24)
[2019.12.06-17.08.03:646][860]LogModuleManager: Shutting down and abandoning module D3D11RHI (22)
[2019.12.06-17.08.03:647][860]LogModuleManager: Shutting down and abandoning module AnimGraphRuntime (20)
[2019.12.06-17.08.03:647][860]LogModuleManager: Shutting down and abandoning module Renderer (18)
[2019.12.06-17.08.03:647][860]LogModuleManager: Shutting down and abandoning module Engine (16)
[2019.12.06-17.08.03:648][860]LogModuleManager: Shutting down and abandoning module CoreUObject (14)
[2019.12.06-17.08.03:648][860]LogModuleManager: Shutting down and abandoning module NetworkFile (12)
[2019.12.06-17.08.03:649][860]LogModuleManager: Shutting down and abandoning module CookedIterativeFile (10)
[2019.12.06-17.08.03:649][860]LogModuleManager: Shutting down and abandoning module StreamingFile (8)
[2019.12.06-17.08.03:650][860]LogModuleManager: Shutting down and abandoning module SandboxFile (6)
[2019.12.06-17.08.03:651][860]LogModuleManager: Shutting down and abandoning module PakFile (4)
[2019.12.06-17.08.03:652][860]LogModuleManager: Shutting down and abandoning module RSA (3)
[2019.12.06-17.08.03:797][860]LogExit: Exiting.
[2019.12.06-17.08.03:809][860]Log file closed, 12/06/19 12:08:03
